Using pre-set license
Built from '2022.3/release' branch; Version is '2022.3.20f1 (61c2feb0970d) revision 6406910'; Using compiler version '192829333'; Build Type 'Release'
OS: 'Windows 11  (10.0.22621) 64bit Professional' Language: 'pt' Physical Memory: 24260 MB
BatchMode: 1, IsHumanControllingUs: 0, StartBugReporterOnCrash: 0, Is64bit: 1, IsPro: 1

COMMAND LINE ARGUMENTS:
C:\Program Files\Unity\Hub\Editor\2022.3.20f1\Editor\Unity.exe
-adb2
-batchMode
-noUpm
-name
AssetImportWorker0
-projectPath
C:/Users/maria/Documents/Facul/Unity/My project
-logFile
Logs/AssetImportWorker0.log
-srvPort
58158
Successfully changed project path to: C:/Users/maria/Documents/Facul/Unity/My project
C:/Users/maria/Documents/Facul/Unity/My project
[UnityMemory] Configuration Parameters - Can be set up in boot.config
    "memorysetup-bucket-allocator-granularity=16"
    "memorysetup-bucket-allocator-bucket-count=8"
    "memorysetup-bucket-allocator-block-size=33554432"
    "memorysetup-bucket-allocator-block-count=8"
    "memorysetup-main-allocator-block-size=16777216"
    "memorysetup-thread-allocator-block-size=16777216"
    "memorysetup-gfx-main-allocator-block-size=16777216"
    "memorysetup-gfx-thread-allocator-block-size=16777216"
    "memorysetup-cache-allocator-block-size=4194304"
    "memorysetup-typetree-allocator-block-size=2097152"
    "memorysetup-profiler-bucket-allocator-granularity=16"
    "memorysetup-profiler-bucket-allocator-bucket-count=8"
    "memorysetup-profiler-bucket-allocator-block-size=33554432"
    "memorysetup-profiler-bucket-allocator-block-count=8"
    "memorysetup-profiler-allocator-block-size=16777216"
    "memorysetup-profiler-editor-allocator-block-size=1048576"
    "memorysetup-temp-allocator-size-main=16777216"
    "memorysetup-job-temp-allocator-block-size=2097152"
    "memorysetup-job-temp-allocator-block-size-background=1048576"
    "memorysetup-job-temp-allocator-reduction-small-platforms=262144"
    "memorysetup-allocator-temp-initial-block-size-main=262144"
    "memorysetup-allocator-temp-initial-block-size-worker=262144"
    "memorysetup-temp-allocator-size-background-worker=32768"
    "memorysetup-temp-allocator-size-job-worker=262144"
    "memorysetup-temp-allocator-size-preload-manager=33554432"
    "memorysetup-temp-allocator-size-nav-mesh-worker=65536"
    "memorysetup-temp-allocator-size-audio-worker=65536"
    "memorysetup-temp-allocator-size-cloud-worker=32768"
    "memorysetup-temp-allocator-size-gi-baking-worker=262144"
    "memorysetup-temp-allocator-size-gfx=262144"
Player connection [20024] Host "[IP] 26.195.100.129 [Port] 0 [Flags] 2 [Guid] 1309420290 [EditorId] 1309420290 [Version] 1048832 [Id] WindowsEditor(7,Ster) [Debug] 1 [PackageName] WindowsEditor [ProjectName] Editor" joined multi-casting on [225.0.0.222:54997]...

Player connection [20024] Host "[IP] 26.195.100.129 [Port] 0 [Flags] 2 [Guid] 1309420290 [EditorId] 1309420290 [Version] 1048832 [Id] WindowsEditor(7,Ster) [Debug] 1 [PackageName] WindowsEditor [ProjectName] Editor" joined alternative multi-casting on [225.0.0.222:34997]...

[Physics::Module] Initialized MultithreadedJobDispatcher with 15 workers.
Refreshing native plugins compatible for Editor in 7.84 ms, found 3 plugins.
Preloading 0 native plugins for Editor in 0.00 ms.
Initialize engine version: 2022.3.20f1 (61c2feb0970d)
[Subsystems] Discovering subsystems at path C:/Program Files/Unity/Hub/Editor/2022.3.20f1/Editor/Data/Resources/UnitySubsystems
[Subsystems] Discovering subsystems at path C:/Users/maria/Documents/Facul/Unity/My project/Assets
GfxDevice: creating device client; threaded=0; jobified=0
Direct3D:
    Version:  Direct3D 11.0 [level 11.1]
    Renderer: NVIDIA GeForce RTX 3050 Laptop GPU (ID=0x25e2)
    Vendor:   NVIDIA
    VRAM:     3977 MB
    Driver:   31.0.15.3623
Initialize mono
Mono path[0] = 'C:/Program Files/Unity/Hub/Editor/2022.3.20f1/Editor/Data/Managed'
Mono path[1] = 'C:/Program Files/Unity/Hub/Editor/2022.3.20f1/Editor/Data/MonoBleedingEdge/lib/mono/unityjit-win32'
Mono config path = 'C:/Program Files/Unity/Hub/Editor/2022.3.20f1/Editor/Data/MonoBleedingEdge/etc'
Using monoOptions --debugger-agent=transport=dt_socket,embedding=1,server=y,suspend=n,address=127.0.0.1:56520
Begin MonoManager ReloadAssembly
Registering precompiled unity dll's ...
Register platform support module: C:/Program Files/Unity/Hub/Editor/2022.3.20f1/Editor/Data/PlaybackEngines/WebGLSupport/UnityEditor.WebGL.Extensions.dll
Register platform support module: C:/Program Files/Unity/Hub/Editor/2022.3.20f1/Editor/Data/PlaybackEngines/WindowsStandaloneSupport/UnityEditor.WindowsStandalone.Extensions.dll
Registered in 0.015360 seconds.
- Loaded All Assemblies, in  0.570 seconds
Native extension for WindowsStandalone target not found
Native extension for WebGL target not found
Mono: successfully reloaded assembly
- Finished resetting the current domain, in  0.445 seconds
Domain Reload Profiling: 1014ms
	BeginReloadAssembly (121ms)
		ExecutionOrderSort (0ms)
		DisableScriptedObjects (0ms)
		BackupInstance (0ms)
		ReleaseScriptingObjects (0ms)
		CreateAndSetChildDomain (1ms)
	RebuildCommonClasses (45ms)
	RebuildNativeTypeToScriptingClass (17ms)
	initialDomainReloadingComplete (107ms)
	LoadAllAssembliesAndSetupDomain (278ms)
		LoadAssemblies (119ms)
		RebuildTransferFunctionScriptingTraits (0ms)
		AnalyzeDomain (275ms)
			TypeCache.Refresh (273ms)
				TypeCache.ScanAssembly (237ms)
			ScanForSourceGeneratedMonoScriptInfo (1ms)
			ResolveRequiredComponents (1ms)
	FinalizeReload (446ms)
		ReleaseScriptCaches (0ms)
		RebuildScriptCaches (0ms)
		SetupLoadedEditorAssemblies (357ms)
			LogAssemblyErrors (0ms)
			InitializePlatformSupportModulesInManaged (15ms)
			SetLoadedEditorAssemblies (10ms)
			RefreshPlugins (0ms)
			BeforeProcessingInitializeOnLoad (4ms)
			ProcessInitializeOnLoadAttributes (259ms)
			ProcessInitializeOnLoadMethodAttributes (69ms)
			AfterProcessingInitializeOnLoad (0ms)
			EditorAssembliesLoaded (0ms)
		ExecutionOrderSort2 (0ms)
		AwakeInstancesAfterBackupRestoration (0ms)
========================================================================
Worker process is ready to serve import requests
Begin MonoManager ReloadAssembly
- Loaded All Assemblies, in  0.944 seconds
Refreshing native plugins compatible for Editor in 3.61 ms, found 3 plugins.
Native extension for WindowsStandalone target not found
Native extension for WebGL target not found
Package Manager log level set to [2]
[Package Manager] Server::EnsureServerProcessIsRunning -- launch failed, reason: Unity was launched with the -noUpm command-line argument
[Package Manager] UpmClient::Send -- Unable to send message (not connected to UPM process).
[Package Manager] Cannot connect to Unity Package Manager local server
Mono: successfully reloaded assembly
- Finished resetting the current domain, in  0.852 seconds
Domain Reload Profiling: 1806ms
	BeginReloadAssembly (235ms)
		ExecutionOrderSort (0ms)
		DisableScriptedObjects (9ms)
		BackupInstance (0ms)
		ReleaseScriptingObjects (0ms)
		CreateAndSetChildDomain (25ms)
	RebuildCommonClasses (53ms)
	RebuildNativeTypeToScriptingClass (16ms)
	initialDomainReloadingComplete (63ms)
	LoadAllAssembliesAndSetupDomain (587ms)
		LoadAssemblies (421ms)
		RebuildTransferFunctionScriptingTraits (0ms)
		AnalyzeDomain (306ms)
			TypeCache.Refresh (275ms)
				TypeCache.ScanAssembly (250ms)
			ScanForSourceGeneratedMonoScriptInfo (24ms)
			ResolveRequiredComponents (6ms)
	FinalizeReload (852ms)
		ReleaseScriptCaches (0ms)
		RebuildScriptCaches (0ms)
		SetupLoadedEditorAssemblies (664ms)
			LogAssemblyErrors (0ms)
			InitializePlatformSupportModulesInManaged (10ms)
			SetLoadedEditorAssemblies (4ms)
			RefreshPlugins (0ms)
			BeforeProcessingInitializeOnLoad (68ms)
			ProcessInitializeOnLoadAttributes (555ms)
			ProcessInitializeOnLoadMethodAttributes (21ms)
			AfterProcessingInitializeOnLoad (6ms)
			EditorAssembliesLoaded (0ms)
		ExecutionOrderSort2 (0ms)
		AwakeInstancesAfterBackupRestoration (8ms)
Launched and connected shader compiler UnityShaderCompiler.exe after 0.11 seconds
Refreshing native plugins compatible for Editor in 3.50 ms, found 3 plugins.
Preloading 0 native plugins for Editor in 0.00 ms.
Unloading 3481 Unused Serialized files (Serialized files now loaded: 0)
Unloading 39 unused Assets / (57.9 KB). Loaded Objects now: 3945.
Memory consumption went from 132.7 MB to 132.6 MB.
Total: 4.911800 ms (FindLiveObjects: 0.311900 ms CreateObjectMapping: 0.254400 ms MarkObjects: 4.183100 ms  DeleteObjects: 0.160300 ms)

AssetImportParameters requested are different than current active one (requested -> active):
  custom:container-demuxer-ogg: 62fdf1f143b41e24485cea50d1cbac27 -> 
  custom:video-codec-MediaFoundation-h265: 746d11721c4dcdbdad8f713fa42b33f4 -> 
  custom:video-decoder-ogg-theora: a1e56fd34408186e4bbccfd4996cb3dc -> 
  custom:framework-win-MediaFoundation: 216162199b28c13a410421893ffa2e32 -> 
  custom:CustomObjectIndexerAttribute: 6d391050e5a25f67b0a2c618074f2cd9 -> 
  custom:container-demuxer-webm: 4f35f7cbe854078d1ac9338744f61a02 -> 
  custom:container-muxer-webm: aa71ff27fc2769a1b78a27578f13a17b -> 
  custom:video-decoder-webm-vp8: 9c59270c3fd7afecdb556c50c9e8de78 -> 
  custom:SearchIndexIgnoredProperties: e643bd26f0fe6173181afceb89e7c659 -> 
  custom:AudioImporter_EditorPlatform: d09bf68614088b80899f8185d706f6e7 -> 
  custom:video-encoder-webm-vp8: eb34c28f22e8b96e1ab97ce403110664 -> 
  custom:audio-decoder-ogg-vorbis: bf7c407c2cedff20999df2af8eb42d56 -> 
  custom:audio-encoder-webm-vorbis: bf7c407c2cedff20999df2af8eb42d56 -> 
========================================================================
Received Import Request.
  Time since last request: 17792.426989 seconds.
  path: Assets/Forniture/loungeDesignSofa.obj
  artifactKey: Guid(b630558021f736c4c89261016cf04cac) Importer(815301076,1909f56bfc062723c751e8b465ee728b)
Start importing Assets/Forniture/loungeDesignSofa.obj using Guid(b630558021f736c4c89261016cf04cac) Importer(815301076,1909f56bfc062723c751e8b465ee728b)  -> (artifact id: 'f9fc4329d0e527ddf7d8326fa6c95bfd') in 0.310070 seconds
Number of updated asset objects reloaded before import = 0
Number of asset objects unloaded after import = 11
========================================================================
Received Import Request.
  Time since last request: 0.000027 seconds.
  path: Assets/Forniture/doorway.obj
  artifactKey: Guid(acfc5b0469c69014185ebca06c033a29) Importer(815301076,1909f56bfc062723c751e8b465ee728b)
Start importing Assets/Forniture/doorway.obj using Guid(acfc5b0469c69014185ebca06c033a29) Importer(815301076,1909f56bfc062723c751e8b465ee728b)  -> (artifact id: '0640902f9bfa5a10b6e12ff1b9ee977d') in 0.038206 seconds
Number of updated asset objects reloaded before import = 0
Number of asset objects unloaded after import = 16
========================================================================
Received Import Request.
  Time since last request: 0.000014 seconds.
  path: Assets/Forniture/pillowBlueLong.obj
  artifactKey: Guid(1ccbabb4c031fd64eb21b7a620c660d7) Importer(815301076,1909f56bfc062723c751e8b465ee728b)
Start importing Assets/Forniture/pillowBlueLong.obj using Guid(1ccbabb4c031fd64eb21b7a620c660d7) Importer(815301076,1909f56bfc062723c751e8b465ee728b)  -> (artifact id: 'e4ac0c9e97cc9a8f3b7ad811a19b0bd2') in 0.032659 seconds
Number of updated asset objects reloaded before import = 0
Number of asset objects unloaded after import = 10
========================================================================
Received Import Request.
  Time since last request: 0.000018 seconds.
  path: Assets/Forniture/kitchenCabinetCornerInner.obj
  artifactKey: Guid(20b20f89a056fff4f8dc5a384b90ff11) Importer(815301076,1909f56bfc062723c751e8b465ee728b)
Start importing Assets/Forniture/kitchenCabinetCornerInner.obj using Guid(20b20f89a056fff4f8dc5a384b90ff11) Importer(815301076,1909f56bfc062723c751e8b465ee728b)  -> (artifact id: '211bc3b8d435b453186faf0a4c7ceb62') in 0.041221 seconds
Number of updated asset objects reloaded before import = 0
Number of asset objects unloaded after import = 11
========================================================================
Received Import Request.
  Time since last request: 0.000020 seconds.
  path: Assets/Forniture/kitchenFridge.obj
  artifactKey: Guid(4237cbbe1885a6449bc6f617528dd0d0) Importer(815301076,1909f56bfc062723c751e8b465ee728b)
Start importing Assets/Forniture/kitchenFridge.obj using Guid(4237cbbe1885a6449bc6f617528dd0d0) Importer(815301076,1909f56bfc062723c751e8b465ee728b)  -> (artifact id: '928a08f955886343615f6a3b9947bab5') in 0.092793 seconds
Number of updated asset objects reloaded before import = 0
Number of asset objects unloaded after import = 23
========================================================================
Received Import Request.
  Time since last request: 0.000029 seconds.
  path: Assets/Forniture/doorwayOpen.obj
  artifactKey: Guid(dad3e919e1d910f4ab54f8d2b110c0bd) Importer(815301076,1909f56bfc062723c751e8b465ee728b)
Start importing Assets/Forniture/doorwayOpen.obj using Guid(dad3e919e1d910f4ab54f8d2b110c0bd) Importer(815301076,1909f56bfc062723c751e8b465ee728b)  -> (artifact id: '1a801b46834477d226a426e6c2933092') in 0.037741 seconds
Number of updated asset objects reloaded before import = 0
Number of asset objects unloaded after import = 10
========================================================================
Received Import Request.
  Time since last request: 0.000040 seconds.
  path: Assets/Forniture/pillow.obj
  artifactKey: Guid(18850d8ca58f4a349b00848f06776063) Importer(815301076,1909f56bfc062723c751e8b465ee728b)
Start importing Assets/Forniture/pillow.obj using Guid(18850d8ca58f4a349b00848f06776063) Importer(815301076,1909f56bfc062723c751e8b465ee728b)  -> (artifact id: '3a42876430cb2adbc6ef4ada0989c7bd') in 0.038407 seconds
Number of updated asset objects reloaded before import = 0
Number of asset objects unloaded after import = 10
========================================================================
Received Import Request.
  Time since last request: 0.000063 seconds.
  path: Assets/Forniture/rugDoormat.obj
  artifactKey: Guid(150fa63ce87173a4182c4005501a6737) Importer(815301076,1909f56bfc062723c751e8b465ee728b)
Start importing Assets/Forniture/rugDoormat.obj using Guid(150fa63ce87173a4182c4005501a6737) Importer(815301076,1909f56bfc062723c751e8b465ee728b)  -> (artifact id: '5de0ab725508e2597009035bac3a3977') in 0.032104 seconds
Number of updated asset objects reloaded before import = 0
Number of asset objects unloaded after import = 10
========================================================================
Received Import Request.
  Time since last request: 0.000074 seconds.
  path: Assets/Forniture/kitchenBlender.obj
  artifactKey: Guid(8a67b8577445bd846ad4790831ba79a2) Importer(815301076,1909f56bfc062723c751e8b465ee728b)
Start importing Assets/Forniture/kitchenBlender.obj using Guid(8a67b8577445bd846ad4790831ba79a2) Importer(815301076,1909f56bfc062723c751e8b465ee728b)  -> (artifact id: '24e53b0e711658b98808509b025a259f') in 0.058086 seconds
Number of updated asset objects reloaded before import = 0
Number of asset objects unloaded after import = 22
========================================================================
Received Import Request.
  Time since last request: 0.000020 seconds.
  path: Assets/Forniture/kitchenBarEnd.obj
  artifactKey: Guid(c8d989e68815f074d8e13ba029ad0292) Importer(815301076,1909f56bfc062723c751e8b465ee728b)
Start importing Assets/Forniture/kitchenBarEnd.obj using Guid(c8d989e68815f074d8e13ba029ad0292) Importer(815301076,1909f56bfc062723c751e8b465ee728b)  -> (artifact id: 'b4527a6ee99d9a8a86ef03065c95c6bf') in 0.037225 seconds
Number of updated asset objects reloaded before import = 0
Number of asset objects unloaded after import = 11
========================================================================
Received Import Request.
  Time since last request: 0.000029 seconds.
  path: Assets/Forniture/kitchenMicrowave.obj
  artifactKey: Guid(d2c5505c11f00bb44827c5916618f9c1) Importer(815301076,1909f56bfc062723c751e8b465ee728b)
Start importing Assets/Forniture/kitchenMicrowave.obj using Guid(d2c5505c11f00bb44827c5916618f9c1) Importer(815301076,1909f56bfc062723c751e8b465ee728b)  -> (artifact id: '9d626de0c6ea41e38f131d26a88b86ac') in 0.049043 seconds
Number of updated asset objects reloaded before import = 0
Number of asset objects unloaded after import = 18
========================================================================
Received Import Request.
  Time since last request: 0.000191 seconds.
  path: Assets/Forniture/showerRound.obj
  artifactKey: Guid(bd36168b018ea2a48b3fdb2e1187a8d6) Importer(815301076,1909f56bfc062723c751e8b465ee728b)
Start importing Assets/Forniture/showerRound.obj using Guid(bd36168b018ea2a48b3fdb2e1187a8d6) Importer(815301076,1909f56bfc062723c751e8b465ee728b)  -> (artifact id: '3afc43e95926ed326534253517e5d152') in 0.064900 seconds
Number of updated asset objects reloaded before import = 0
Number of asset objects unloaded after import = 28
========================================================================
Received Import Request.
  Time since last request: 0.000022 seconds.
  path: Assets/Forniture/coatRack.obj
  artifactKey: Guid(7da1b356e1ade104f8de9ff3507884dd) Importer(815301076,1909f56bfc062723c751e8b465ee728b)
Start importing Assets/Forniture/coatRack.obj using Guid(7da1b356e1ade104f8de9ff3507884dd) Importer(815301076,1909f56bfc062723c751e8b465ee728b)  -> (artifact id: '810e88497e57b5821b919008e9d9d112') in 0.031280 seconds
Number of updated asset objects reloaded before import = 0
Number of asset objects unloaded after import = 11
========================================================================
Received Import Request.
  Time since last request: 0.000071 seconds.
  path: Assets/Forniture/cabinetTelevisionDoors.obj
  artifactKey: Guid(e569bad27f7e6674ab51ab6195b5ab0d) Importer(815301076,1909f56bfc062723c751e8b465ee728b)
Start importing Assets/Forniture/cabinetTelevisionDoors.obj using Guid(e569bad27f7e6674ab51ab6195b5ab0d) Importer(815301076,1909f56bfc062723c751e8b465ee728b)  -> (artifact id: 'f8804fbd7032941936baddcfba1e3938') in 0.045121 seconds
Number of updated asset objects reloaded before import = 0
Number of asset objects unloaded after import = 21
========================================================================
Received Import Request.
  Time since last request: 0.000104 seconds.
  path: Assets/Forniture/chair.obj
  artifactKey: Guid(eccd8cb9c13557645a58f49a8ecacb89) Importer(815301076,1909f56bfc062723c751e8b465ee728b)
Start importing Assets/Forniture/chair.obj using Guid(eccd8cb9c13557645a58f49a8ecacb89) Importer(815301076,1909f56bfc062723c751e8b465ee728b)  -> (artifact id: '55aede7e7741ca2e6693dd3d515fb47d') in 0.027911 seconds
Number of updated asset objects reloaded before import = 0
Number of asset objects unloaded after import = 10
========================================================================
Received Import Request.
  Time since last request: 0.000048 seconds.
  path: Assets/Forniture/speaker.obj
  artifactKey: Guid(8bfafa9da3c6049459269c0f7b13a33f) Importer(815301076,1909f56bfc062723c751e8b465ee728b)
Start importing Assets/Forniture/speaker.obj using Guid(8bfafa9da3c6049459269c0f7b13a33f) Importer(815301076,1909f56bfc062723c751e8b465ee728b)  -> (artifact id: '192fb5c43a326fb4db91db5ae32f08f0') in 0.035763 seconds
Number of updated asset objects reloaded before import = 0
Number of asset objects unloaded after import = 11
========================================================================
Received Import Request.
  Time since last request: 0.000020 seconds.
  path: Assets/Forniture/tableGlass.obj
  artifactKey: Guid(2a5c30c2456013947a10baa02410a9d3) Importer(815301076,1909f56bfc062723c751e8b465ee728b)
Start importing Assets/Forniture/tableGlass.obj using Guid(2a5c30c2456013947a10baa02410a9d3) Importer(815301076,1909f56bfc062723c751e8b465ee728b)  -> (artifact id: 'f2221f6988c7910ea92e554cb388b1a3') in 0.033340 seconds
Number of updated asset objects reloaded before import = 0
Number of asset objects unloaded after import = 11
========================================================================
Received Import Request.
  Time since last request: 0.000019 seconds.
  path: Assets/Forniture/televisionVintage.obj
  artifactKey: Guid(ca2ed5dc2a714f04aaeec2ef98ab20f6) Importer(815301076,1909f56bfc062723c751e8b465ee728b)
Start importing Assets/Forniture/televisionVintage.obj using Guid(ca2ed5dc2a714f04aaeec2ef98ab20f6) Importer(815301076,1909f56bfc062723c751e8b465ee728b)  -> (artifact id: '2c66eef9e685b7986ec01c664c477269') in 0.038988 seconds
Number of updated asset objects reloaded before import = 0
Number of asset objects unloaded after import = 13
========================================================================
Received Import Request.
  Time since last request: 0.000106 seconds.
  path: Assets/Forniture/toiletSquare.obj
  artifactKey: Guid(0e510a81d9ce97e45850fbb1fb952034) Importer(815301076,1909f56bfc062723c751e8b465ee728b)
Start importing Assets/Forniture/toiletSquare.obj using Guid(0e510a81d9ce97e45850fbb1fb952034) Importer(815301076,1909f56bfc062723c751e8b465ee728b)  -> (artifact id: '61f4b7d572351e5224b5e128ab2c7ba5') in 0.044699 seconds
Number of updated asset objects reloaded before import = 0
Number of asset objects unloaded after import = 16
========================================================================
Received Import Request.
  Time since last request: 0.000020 seconds.
  path: Assets/Forniture/paneling.obj
  artifactKey: Guid(20d8e41b17f74e54f8088479c57d5b1a) Importer(815301076,1909f56bfc062723c751e8b465ee728b)
Start importing Assets/Forniture/paneling.obj using Guid(20d8e41b17f74e54f8088479c57d5b1a) Importer(815301076,1909f56bfc062723c751e8b465ee728b)  -> (artifact id: 'baa2cfc2e5d5f36b6daaa35e0fdd78aa') in 0.027710 seconds
Number of updated asset objects reloaded before import = 0
Number of asset objects unloaded after import = 10
========================================================================
Received Import Request.
  Time since last request: 0.000016 seconds.
  path: Assets/Forniture/chairDesk.obj
  artifactKey: Guid(87012285d31d5bb47888de339fb232b5) Importer(815301076,1909f56bfc062723c751e8b465ee728b)
Start importing Assets/Forniture/chairDesk.obj using Guid(87012285d31d5bb47888de339fb232b5) Importer(815301076,1909f56bfc062723c751e8b465ee728b)  -> (artifact id: '13c9c2c353239f7f08db1f03ff56c0da') in 0.042532 seconds
Number of updated asset objects reloaded before import = 0
Number of asset objects unloaded after import = 16
========================================================================
Received Import Request.
  Time since last request: 0.000037 seconds.
  path: Assets/Forniture/computerScreen.obj
  artifactKey: Guid(3caa1c78f1989544ebebdee9e7b9fd38) Importer(815301076,1909f56bfc062723c751e8b465ee728b)
Start importing Assets/Forniture/computerScreen.obj using Guid(3caa1c78f1989544ebebdee9e7b9fd38) Importer(815301076,1909f56bfc062723c751e8b465ee728b)  -> (artifact id: '8b8c1243fbf18bceba0a614d254af58d') in 0.034126 seconds
Number of updated asset objects reloaded before import = 0
Number of asset objects unloaded after import = 11
========================================================================
Received Import Request.
  Time since last request: 0.000055 seconds.
  path: Assets/Forniture/cardboardBoxClosed.obj
  artifactKey: Guid(b3ac582f334dbec49a9fb7bac09a69fc) Importer(815301076,1909f56bfc062723c751e8b465ee728b)
Start importing Assets/Forniture/cardboardBoxClosed.obj using Guid(b3ac582f334dbec49a9fb7bac09a69fc) Importer(815301076,1909f56bfc062723c751e8b465ee728b)  -> (artifact id: 'af3523b6e2389d842f7f090b7fa883af') in 0.036654 seconds
Number of updated asset objects reloaded before import = 0
Number of asset objects unloaded after import = 11
========================================================================
Received Import Request.
  Time since last request: 0.000035 seconds.
  path: Assets/Forniture/doorwayFront.obj
  artifactKey: Guid(e3811414b84bdfc498887ae82a8d16d7) Importer(815301076,1909f56bfc062723c751e8b465ee728b)
Start importing Assets/Forniture/doorwayFront.obj using Guid(e3811414b84bdfc498887ae82a8d16d7) Importer(815301076,1909f56bfc062723c751e8b465ee728b)  -> (artifact id: '35909604efaef2323d6aa10fb01621d6') in 0.052898 seconds
Number of updated asset objects reloaded before import = 0
Number of asset objects unloaded after import = 18
