Using pre-set license
Built from '2022.3/release' branch; Version is '2022.3.20f1 (61c2feb0970d) revision 6406910'; Using compiler version '192829333'; Build Type 'Release'
OS: 'Windows 11  (10.0.22621) 64bit Professional' Language: 'pt' Physical Memory: 24260 MB
BatchMode: 1, IsHumanControllingUs: 0, StartBugReporterOnCrash: 0, Is64bit: 1, IsPro: 1

COMMAND LINE ARGUMENTS:
C:\Program Files\Unity\Hub\Editor\2022.3.20f1\Editor\Unity.exe
-adb2
-batchMode
-noUpm
-name
AssetImportWorker1
-projectPath
C:/Users/maria/Documents/Facul/Unity/My project
-logFile
Logs/AssetImportWorker1.log
-srvPort
58158
Successfully changed project path to: C:/Users/maria/Documents/Facul/Unity/My project
C:/Users/maria/Documents/Facul/Unity/My project
[UnityMemory] Configuration Parameters - Can be set up in boot.config
    "memorysetup-bucket-allocator-granularity=16"
    "memorysetup-bucket-allocator-bucket-count=8"
    "memorysetup-bucket-allocator-block-size=33554432"
    "memorysetup-bucket-allocator-block-count=8"
    "memorysetup-main-allocator-block-size=16777216"
    "memorysetup-thread-allocator-block-size=16777216"
    "memorysetup-gfx-main-allocator-block-size=16777216"
    "memorysetup-gfx-thread-allocator-block-size=16777216"
    "memorysetup-cache-allocator-block-size=4194304"
    "memorysetup-typetree-allocator-block-size=2097152"
    "memorysetup-profiler-bucket-allocator-granularity=16"
    "memorysetup-profiler-bucket-allocator-bucket-count=8"
    "memorysetup-profiler-bucket-allocator-block-size=33554432"
    "memorysetup-profiler-bucket-allocator-block-count=8"
    "memorysetup-profiler-allocator-block-size=16777216"
    "memorysetup-profiler-editor-allocator-block-size=1048576"
    "memorysetup-temp-allocator-size-main=16777216"
    "memorysetup-job-temp-allocator-block-size=2097152"
    "memorysetup-job-temp-allocator-block-size-background=1048576"
    "memorysetup-job-temp-allocator-reduction-small-platforms=262144"
    "memorysetup-allocator-temp-initial-block-size-main=262144"
    "memorysetup-allocator-temp-initial-block-size-worker=262144"
    "memorysetup-temp-allocator-size-background-worker=32768"
    "memorysetup-temp-allocator-size-job-worker=262144"
    "memorysetup-temp-allocator-size-preload-manager=33554432"
    "memorysetup-temp-allocator-size-nav-mesh-worker=65536"
    "memorysetup-temp-allocator-size-audio-worker=65536"
    "memorysetup-temp-allocator-size-cloud-worker=32768"
    "memorysetup-temp-allocator-size-gi-baking-worker=262144"
    "memorysetup-temp-allocator-size-gfx=262144"
Player connection [21732] Host "[IP] 26.195.100.129 [Port] 0 [Flags] 2 [Guid] 841540034 [EditorId] 841540034 [Version] 1048832 [Id] WindowsEditor(7,Ster) [Debug] 1 [PackageName] WindowsEditor [ProjectName] Editor" joined multi-casting on [225.0.0.222:54997]...

Player connection [21732] Host "[IP] 26.195.100.129 [Port] 0 [Flags] 2 [Guid] 841540034 [EditorId] 841540034 [Version] 1048832 [Id] WindowsEditor(7,Ster) [Debug] 1 [PackageName] WindowsEditor [ProjectName] Editor" joined alternative multi-casting on [225.0.0.222:34997]...

[Physics::Module] Initialized MultithreadedJobDispatcher with 15 workers.
Refreshing native plugins compatible for Editor in 7.39 ms, found 3 plugins.
Preloading 0 native plugins for Editor in 0.00 ms.
Initialize engine version: 2022.3.20f1 (61c2feb0970d)
[Subsystems] Discovering subsystems at path C:/Program Files/Unity/Hub/Editor/2022.3.20f1/Editor/Data/Resources/UnitySubsystems
[Subsystems] Discovering subsystems at path C:/Users/maria/Documents/Facul/Unity/My project/Assets
GfxDevice: creating device client; threaded=0; jobified=0
Direct3D:
    Version:  Direct3D 11.0 [level 11.1]
    Renderer: NVIDIA GeForce RTX 3050 Laptop GPU (ID=0x25e2)
    Vendor:   NVIDIA
    VRAM:     3977 MB
    Driver:   31.0.15.3623
Initialize mono
Mono path[0] = 'C:/Program Files/Unity/Hub/Editor/2022.3.20f1/Editor/Data/Managed'
Mono path[1] = 'C:/Program Files/Unity/Hub/Editor/2022.3.20f1/Editor/Data/MonoBleedingEdge/lib/mono/unityjit-win32'
Mono config path = 'C:/Program Files/Unity/Hub/Editor/2022.3.20f1/Editor/Data/MonoBleedingEdge/etc'
Using monoOptions --debugger-agent=transport=dt_socket,embedding=1,server=y,suspend=n,address=127.0.0.1:56648
Begin MonoManager ReloadAssembly
Registering precompiled unity dll's ...
Register platform support module: C:/Program Files/Unity/Hub/Editor/2022.3.20f1/Editor/Data/PlaybackEngines/WebGLSupport/UnityEditor.WebGL.Extensions.dll
Register platform support module: C:/Program Files/Unity/Hub/Editor/2022.3.20f1/Editor/Data/PlaybackEngines/WindowsStandaloneSupport/UnityEditor.WindowsStandalone.Extensions.dll
Registered in 0.007762 seconds.
- Loaded All Assemblies, in  0.591 seconds
Native extension for WindowsStandalone target not found
Native extension for WebGL target not found
Mono: successfully reloaded assembly
- Finished resetting the current domain, in  0.444 seconds
Domain Reload Profiling: 1033ms
	BeginReloadAssembly (132ms)
		ExecutionOrderSort (0ms)
		DisableScriptedObjects (0ms)
		BackupInstance (0ms)
		ReleaseScriptingObjects (0ms)
		CreateAndSetChildDomain (1ms)
	RebuildCommonClasses (55ms)
	RebuildNativeTypeToScriptingClass (21ms)
	initialDomainReloadingComplete (108ms)
	LoadAllAssembliesAndSetupDomain (273ms)
		LoadAssemblies (130ms)
		RebuildTransferFunctionScriptingTraits (0ms)
		AnalyzeDomain (269ms)
			TypeCache.Refresh (267ms)
				TypeCache.ScanAssembly (245ms)
			ScanForSourceGeneratedMonoScriptInfo (1ms)
			ResolveRequiredComponents (1ms)
	FinalizeReload (445ms)
		ReleaseScriptCaches (0ms)
		RebuildScriptCaches (0ms)
		SetupLoadedEditorAssemblies (358ms)
			LogAssemblyErrors (0ms)
			InitializePlatformSupportModulesInManaged (22ms)
			SetLoadedEditorAssemblies (8ms)
			RefreshPlugins (0ms)
			BeforeProcessingInitializeOnLoad (3ms)
			ProcessInitializeOnLoadAttributes (260ms)
			ProcessInitializeOnLoadMethodAttributes (66ms)
			AfterProcessingInitializeOnLoad (0ms)
			EditorAssembliesLoaded (0ms)
		ExecutionOrderSort2 (0ms)
		AwakeInstancesAfterBackupRestoration (0ms)
========================================================================
Worker process is ready to serve import requests
Begin MonoManager ReloadAssembly
- Loaded All Assemblies, in  0.888 seconds
Refreshing native plugins compatible for Editor in 6.27 ms, found 3 plugins.
Native extension for WindowsStandalone target not found
Native extension for WebGL target not found
Package Manager log level set to [2]
[Package Manager] Server::EnsureServerProcessIsRunning -- launch failed, reason: Unity was launched with the -noUpm command-line argument
[Package Manager] UpmClient::Send -- Unable to send message (not connected to UPM process).
[Package Manager] Cannot connect to Unity Package Manager local server
Mono: successfully reloaded assembly
- Finished resetting the current domain, in  0.878 seconds
Domain Reload Profiling: 1761ms
	BeginReloadAssembly (223ms)
		ExecutionOrderSort (0ms)
		DisableScriptedObjects (9ms)
		BackupInstance (0ms)
		ReleaseScriptingObjects (0ms)
		CreateAndSetChildDomain (24ms)
	RebuildCommonClasses (59ms)
	RebuildNativeTypeToScriptingClass (15ms)
	initialDomainReloadingComplete (56ms)
	LoadAllAssembliesAndSetupDomain (530ms)
		LoadAssemblies (399ms)
		RebuildTransferFunctionScriptingTraits (0ms)
		AnalyzeDomain (268ms)
			TypeCache.Refresh (224ms)
				TypeCache.ScanAssembly (205ms)
			ScanForSourceGeneratedMonoScriptInfo (34ms)
			ResolveRequiredComponents (9ms)
	FinalizeReload (878ms)
		ReleaseScriptCaches (0ms)
		RebuildScriptCaches (0ms)
		SetupLoadedEditorAssemblies (671ms)
			LogAssemblyErrors (0ms)
			InitializePlatformSupportModulesInManaged (8ms)
			SetLoadedEditorAssemblies (4ms)
			RefreshPlugins (0ms)
			BeforeProcessingInitializeOnLoad (68ms)
			ProcessInitializeOnLoadAttributes (546ms)
			ProcessInitializeOnLoadMethodAttributes (38ms)
			AfterProcessingInitializeOnLoad (8ms)
			EditorAssembliesLoaded (0ms)
		ExecutionOrderSort2 (0ms)
		AwakeInstancesAfterBackupRestoration (8ms)
Launched and connected shader compiler UnityShaderCompiler.exe after 0.05 seconds
Refreshing native plugins compatible for Editor in 3.39 ms, found 3 plugins.
Preloading 0 native plugins for Editor in 0.00 ms.
Unloading 3481 Unused Serialized files (Serialized files now loaded: 0)
Unloading 39 unused Assets / (58.0 KB). Loaded Objects now: 3945.
Memory consumption went from 132.9 MB to 132.8 MB.
Total: 2.925100 ms (FindLiveObjects: 0.231600 ms CreateObjectMapping: 0.095900 ms MarkObjects: 2.484700 ms  DeleteObjects: 0.111100 ms)

AssetImportParameters requested are different than current active one (requested -> active):
  custom:container-demuxer-ogg: 62fdf1f143b41e24485cea50d1cbac27 -> 
  custom:video-codec-MediaFoundation-h265: 746d11721c4dcdbdad8f713fa42b33f4 -> 
  custom:video-decoder-ogg-theora: a1e56fd34408186e4bbccfd4996cb3dc -> 
  custom:framework-win-MediaFoundation: 216162199b28c13a410421893ffa2e32 -> 
  custom:CustomObjectIndexerAttribute: 6d391050e5a25f67b0a2c618074f2cd9 -> 
  custom:container-demuxer-webm: 4f35f7cbe854078d1ac9338744f61a02 -> 
  custom:container-muxer-webm: aa71ff27fc2769a1b78a27578f13a17b -> 
  custom:video-decoder-webm-vp8: 9c59270c3fd7afecdb556c50c9e8de78 -> 
  custom:SearchIndexIgnoredProperties: e643bd26f0fe6173181afceb89e7c659 -> 
  custom:AudioImporter_EditorPlatform: d09bf68614088b80899f8185d706f6e7 -> 
  custom:video-encoder-webm-vp8: eb34c28f22e8b96e1ab97ce403110664 -> 
  custom:audio-decoder-ogg-vorbis: bf7c407c2cedff20999df2af8eb42d56 -> 
  custom:audio-encoder-webm-vorbis: bf7c407c2cedff20999df2af8eb42d56 -> 
========================================================================
Received Import Request.
  Time since last request: 17792.325992 seconds.
  path: Assets/Forniture/computerMouse.obj
  artifactKey: Guid(4b3154aee2b0fe242b46f191823f4663) Importer(815301076,1909f56bfc062723c751e8b465ee728b)
Start importing Assets/Forniture/computerMouse.obj using Guid(4b3154aee2b0fe242b46f191823f4663) Importer(815301076,1909f56bfc062723c751e8b465ee728b)  -> (artifact id: '7c6b3038eee213e75563415a24a5c4a3') in 0.329695 seconds
Number of updated asset objects reloaded before import = 0
Number of asset objects unloaded after import = 10
========================================================================
Received Import Request.
  Time since last request: 0.000051 seconds.
  path: Assets/Forniture/chairModernCushion.obj
  artifactKey: Guid(24de42bf7d25d674ca52b6103462be13) Importer(815301076,1909f56bfc062723c751e8b465ee728b)
Start importing Assets/Forniture/chairModernCushion.obj using Guid(24de42bf7d25d674ca52b6103462be13) Importer(815301076,1909f56bfc062723c751e8b465ee728b)  -> (artifact id: 'c058f5d43efa000dc145df97d3fb6042') in 0.049840 seconds
Number of updated asset objects reloaded before import = 0
Number of asset objects unloaded after import = 11
========================================================================
Received Import Request.
  Time since last request: 0.000380 seconds.
  path: Assets/Forniture/tableCoffeeGlassSquare.obj
  artifactKey: Guid(e68bd93b5a5be5f46a99dec24ad3b94b) Importer(815301076,1909f56bfc062723c751e8b465ee728b)
Start importing Assets/Forniture/tableCoffeeGlassSquare.obj using Guid(e68bd93b5a5be5f46a99dec24ad3b94b) Importer(815301076,1909f56bfc062723c751e8b465ee728b)  -> (artifact id: '8f3557e458c70393e4b1a925f1043741') in 0.034497 seconds
Number of updated asset objects reloaded before import = 0
Number of asset objects unloaded after import = 11
========================================================================
Received Import Request.
  Time since last request: 0.000900 seconds.
  path: Assets/Forniture/chairRounded.obj
  artifactKey: Guid(1b2af964fa4479e4a8df9d8dafb73141) Importer(815301076,1909f56bfc062723c751e8b465ee728b)
Start importing Assets/Forniture/chairRounded.obj using Guid(1b2af964fa4479e4a8df9d8dafb73141) Importer(815301076,1909f56bfc062723c751e8b465ee728b)  -> (artifact id: '616f9b43a2fbf2681ed0b91404f4f2e2') in 0.028387 seconds
Number of updated asset objects reloaded before import = 0
Number of asset objects unloaded after import = 10
========================================================================
Received Import Request.
  Time since last request: 0.000117 seconds.
  path: Assets/Forniture/tableCoffee.obj
  artifactKey: Guid(80a72cc484a8ffd4ea69421dd4a8058b) Importer(815301076,1909f56bfc062723c751e8b465ee728b)
Start importing Assets/Forniture/tableCoffee.obj using Guid(80a72cc484a8ffd4ea69421dd4a8058b) Importer(815301076,1909f56bfc062723c751e8b465ee728b)  -> (artifact id: 'd42f69924679cc5115d74f5403259e47') in 0.031364 seconds
Number of updated asset objects reloaded before import = 0
Number of asset objects unloaded after import = 10
========================================================================
Received Import Request.
  Time since last request: 0.000021 seconds.
  path: Assets/Forniture/televisionAntenna.obj
  artifactKey: Guid(2b34213b462375e4492d4244f89bab9c) Importer(815301076,1909f56bfc062723c751e8b465ee728b)
Start importing Assets/Forniture/televisionAntenna.obj using Guid(2b34213b462375e4492d4244f89bab9c) Importer(815301076,1909f56bfc062723c751e8b465ee728b)  -> (artifact id: 'd8af5f726e09a8e331161f64e9953cb5') in 0.029868 seconds
Number of updated asset objects reloaded before import = 0
Number of asset objects unloaded after import = 10
========================================================================
Received Import Request.
  Time since last request: 0.000022 seconds.
  path: Assets/Forniture/kitchenCabinetUpperCorner.obj
  artifactKey: Guid(14fcb184d6e315d48bfd4ffe3240d455) Importer(815301076,1909f56bfc062723c751e8b465ee728b)
Start importing Assets/Forniture/kitchenCabinetUpperCorner.obj using Guid(14fcb184d6e315d48bfd4ffe3240d455) Importer(815301076,1909f56bfc062723c751e8b465ee728b)  -> (artifact id: '20d4d3139fccab46f4884c52bf3bc580') in 0.038115 seconds
Number of updated asset objects reloaded before import = 0
Number of asset objects unloaded after import = 10
========================================================================
Received Import Request.
  Time since last request: 0.000034 seconds.
  path: Assets/Forniture/kitchenCoffeeMachine.obj
  artifactKey: Guid(21d4df43cce6e7144b57cf2c7080016e) Importer(815301076,1909f56bfc062723c751e8b465ee728b)
Start importing Assets/Forniture/kitchenCoffeeMachine.obj using Guid(21d4df43cce6e7144b57cf2c7080016e) Importer(815301076,1909f56bfc062723c751e8b465ee728b)  -> (artifact id: '94ed3fe45e29db3021b4ccaa3bc0979f') in 0.069151 seconds
Number of updated asset objects reloaded before import = 0
Number of asset objects unloaded after import = 17
========================================================================
Received Import Request.
  Time since last request: 0.000036 seconds.
  path: Assets/Forniture/loungeSofaLong.obj
  artifactKey: Guid(90186fa3eb7b33d489db58c01325d7c1) Importer(815301076,1909f56bfc062723c751e8b465ee728b)
Start importing Assets/Forniture/loungeSofaLong.obj using Guid(90186fa3eb7b33d489db58c01325d7c1) Importer(815301076,1909f56bfc062723c751e8b465ee728b)  -> (artifact id: 'dc7580700d3d0cb23dc584f76bd451ef') in 0.049270 seconds
Number of updated asset objects reloaded before import = 0
Number of asset objects unloaded after import = 11
========================================================================
Received Import Request.
  Time since last request: 0.000026 seconds.
  path: Assets/Forniture/tableRound.obj
  artifactKey: Guid(6b9bdb628b2309d4eb358b3233a176be) Importer(815301076,1909f56bfc062723c751e8b465ee728b)
Start importing Assets/Forniture/tableRound.obj using Guid(6b9bdb628b2309d4eb358b3233a176be) Importer(815301076,1909f56bfc062723c751e8b465ee728b)  -> (artifact id: 'b529536449710b2e7f97f13abd1e45a3') in 0.035544 seconds
Number of updated asset objects reloaded before import = 0
Number of asset objects unloaded after import = 10
========================================================================
Received Import Request.
  Time since last request: 0.000068 seconds.
  path: Assets/Forniture/televisionModern.obj
  artifactKey: Guid(d3926b5d334e630439aefd56184a159b) Importer(815301076,1909f56bfc062723c751e8b465ee728b)
Start importing Assets/Forniture/televisionModern.obj using Guid(d3926b5d334e630439aefd56184a159b) Importer(815301076,1909f56bfc062723c751e8b465ee728b)  -> (artifact id: '6ca1d77e3469d127f483b0571605a695') in 0.032656 seconds
Number of updated asset objects reloaded before import = 0
Number of asset objects unloaded after import = 11
========================================================================
Received Import Request.
  Time since last request: 0.000016 seconds.
  path: Assets/Forniture/kitchenFridgeSmall.obj
  artifactKey: Guid(609054703dcaf7f458ca4781a48a6289) Importer(815301076,1909f56bfc062723c751e8b465ee728b)
Start importing Assets/Forniture/kitchenFridgeSmall.obj using Guid(609054703dcaf7f458ca4781a48a6289) Importer(815301076,1909f56bfc062723c751e8b465ee728b)  -> (artifact id: '1c9c3830259307d7d0a664fc8b0e2079') in 0.056386 seconds
Number of updated asset objects reloaded before import = 0
Number of asset objects unloaded after import = 18
========================================================================
Received Import Request.
  Time since last request: 0.000180 seconds.
  path: Assets/Forniture/chairCushion.obj
  artifactKey: Guid(f86047f68a7eef14f92b402f6208960d) Importer(815301076,1909f56bfc062723c751e8b465ee728b)
Start importing Assets/Forniture/chairCushion.obj using Guid(f86047f68a7eef14f92b402f6208960d) Importer(815301076,1909f56bfc062723c751e8b465ee728b)  -> (artifact id: '2af867a18f47ebbc550f7b2430e8c19d') in 0.034770 seconds
Number of updated asset objects reloaded before import = 0
Number of asset objects unloaded after import = 11
========================================================================
Received Import Request.
  Time since last request: 0.000064 seconds.
  path: Assets/Forniture/kitchenFridgeBuiltIn.obj
  artifactKey: Guid(5546def22696dd6429422c6ff4073534) Importer(815301076,1909f56bfc062723c751e8b465ee728b)
Start importing Assets/Forniture/kitchenFridgeBuiltIn.obj using Guid(5546def22696dd6429422c6ff4073534) Importer(815301076,1909f56bfc062723c751e8b465ee728b)  -> (artifact id: '63af3e54e91c587551178e731b778a08') in 0.059180 seconds
Number of updated asset objects reloaded before import = 0
Number of asset objects unloaded after import = 24
========================================================================
Received Import Request.
  Time since last request: 0.000067 seconds.
  path: Assets/Forniture/kitchenCabinet.obj
  artifactKey: Guid(3301308edd7deb34aa8542d1dd943de7) Importer(815301076,1909f56bfc062723c751e8b465ee728b)
Start importing Assets/Forniture/kitchenCabinet.obj using Guid(3301308edd7deb34aa8542d1dd943de7) Importer(815301076,1909f56bfc062723c751e8b465ee728b)  -> (artifact id: '4bdab3deae0db17403c67dfa35df22ad') in 0.047389 seconds
Number of updated asset objects reloaded before import = 0
Number of asset objects unloaded after import = 17
========================================================================
Received Import Request.
  Time since last request: 0.000025 seconds.
  path: Assets/Forniture/kitchenBar.obj
  artifactKey: Guid(7a059b9cfcc18c642a1e55814c8af183) Importer(815301076,1909f56bfc062723c751e8b465ee728b)
Start importing Assets/Forniture/kitchenBar.obj using Guid(7a059b9cfcc18c642a1e55814c8af183) Importer(815301076,1909f56bfc062723c751e8b465ee728b)  -> (artifact id: '53cfe62629b1a48139735928333a9014') in 0.034840 seconds
Number of updated asset objects reloaded before import = 0
Number of asset objects unloaded after import = 12
========================================================================
Received Import Request.
  Time since last request: 0.000046 seconds.
  path: Assets/Forniture/tableCross.obj
  artifactKey: Guid(7b218cc189b16744f80c0448553347ed) Importer(815301076,1909f56bfc062723c751e8b465ee728b)
Start importing Assets/Forniture/tableCross.obj using Guid(7b218cc189b16744f80c0448553347ed) Importer(815301076,1909f56bfc062723c751e8b465ee728b)  -> (artifact id: 'b3426cb2bd810477367506dda6a006a1') in 0.026354 seconds
Number of updated asset objects reloaded before import = 0
Number of asset objects unloaded after import = 10
========================================================================
Received Import Request.
  Time since last request: 0.000132 seconds.
  path: Assets/Forniture/plantSmall1.obj
  artifactKey: Guid(970470fb0ac594347a91e60bb7830e92) Importer(815301076,1909f56bfc062723c751e8b465ee728b)
Start importing Assets/Forniture/plantSmall1.obj using Guid(970470fb0ac594347a91e60bb7830e92) Importer(815301076,1909f56bfc062723c751e8b465ee728b)  -> (artifact id: '985ce79b4dc8885ee7abedb0b2ac773c') in 0.027566 seconds
Number of updated asset objects reloaded before import = 0
Number of asset objects unloaded after import = 11
========================================================================
Received Import Request.
  Time since last request: 0.000061 seconds.
  path: Assets/Forniture/kitchenCabinetCornerRound.obj
  artifactKey: Guid(8f45eb149821a724c97b8c8a3bfb8e9d) Importer(815301076,1909f56bfc062723c751e8b465ee728b)
Start importing Assets/Forniture/kitchenCabinetCornerRound.obj using Guid(8f45eb149821a724c97b8c8a3bfb8e9d) Importer(815301076,1909f56bfc062723c751e8b465ee728b)  -> (artifact id: '095a721f2b2d7c4eaca16f42ec1d1d82') in 0.032338 seconds
Number of updated asset objects reloaded before import = 0
Number of asset objects unloaded after import = 11
========================================================================
Received Import Request.
  Time since last request: 0.000235 seconds.
  path: Assets/Forniture/deskCorner.obj
  artifactKey: Guid(d82afc49f091f3444821ca8916feccba) Importer(815301076,1909f56bfc062723c751e8b465ee728b)
Start importing Assets/Forniture/deskCorner.obj using Guid(d82afc49f091f3444821ca8916feccba) Importer(815301076,1909f56bfc062723c751e8b465ee728b)  -> (artifact id: 'fcb66037ec474060971141f23c331114') in 0.042781 seconds
Number of updated asset objects reloaded before import = 0
Number of asset objects unloaded after import = 16
========================================================================
Received Import Request.
  Time since last request: 0.000078 seconds.
  path: Assets/Forniture/lampRoundTable.obj
  artifactKey: Guid(1424fcbd299960141af0103a6229335c) Importer(815301076,1909f56bfc062723c751e8b465ee728b)
Start importing Assets/Forniture/lampRoundTable.obj using Guid(1424fcbd299960141af0103a6229335c) Importer(815301076,1909f56bfc062723c751e8b465ee728b)  -> (artifact id: '98cb512f3a660a76f62c186d76a26075') in 0.027713 seconds
Number of updated asset objects reloaded before import = 0
Number of asset objects unloaded after import = 11
========================================================================
Received Import Request.
  Time since last request: 0.000038 seconds.
  path: Assets/Forniture/chairModernFrameCushion.obj
  artifactKey: Guid(74f1172ec4c363d49b9065717de38a57) Importer(815301076,1909f56bfc062723c751e8b465ee728b)
Start importing Assets/Forniture/chairModernFrameCushion.obj using Guid(74f1172ec4c363d49b9065717de38a57) Importer(815301076,1909f56bfc062723c751e8b465ee728b)  -> (artifact id: 'e073e2e235ed5facf4c6750ca13c7190') in 0.035208 seconds
Number of updated asset objects reloaded before import = 0
Number of asset objects unloaded after import = 11
========================================================================
Received Import Request.
  Time since last request: 0.000040 seconds.
  path: Assets/Forniture/plantSmall2.obj
  artifactKey: Guid(48ad99128a9fa5a4b892b093975c0e4d) Importer(815301076,1909f56bfc062723c751e8b465ee728b)
Start importing Assets/Forniture/plantSmall2.obj using Guid(48ad99128a9fa5a4b892b093975c0e4d) Importer(815301076,1909f56bfc062723c751e8b465ee728b)  -> (artifact id: '090b6ffa5ab02272e16b1ac3d67ef3c3') in 0.036917 seconds
Number of updated asset objects reloaded before import = 0
Number of asset objects unloaded after import = 11
========================================================================
Received Import Request.
  Time since last request: 0.000020 seconds.
  path: Assets/Forniture/lampSquareTable.obj
  artifactKey: Guid(856689d9d7b4ccd4c839736c9791f44f) Importer(815301076,1909f56bfc062723c751e8b465ee728b)
Start importing Assets/Forniture/lampSquareTable.obj using Guid(856689d9d7b4ccd4c839736c9791f44f) Importer(815301076,1909f56bfc062723c751e8b465ee728b)  -> (artifact id: '7816925b81c96ef8205941a0bf13ed9b') in 0.031661 seconds
Number of updated asset objects reloaded before import = 0
Number of asset objects unloaded after import = 11
========================================================================
Received Import Request.
  Time since last request: 0.000015 seconds.
  path: Assets/Forniture/tableCrossCloth.obj
  artifactKey: Guid(ea69d95d16651d241a2243133f9c9842) Importer(815301076,1909f56bfc062723c751e8b465ee728b)
Start importing Assets/Forniture/tableCrossCloth.obj using Guid(ea69d95d16651d241a2243133f9c9842) Importer(815301076,1909f56bfc062723c751e8b465ee728b)  -> (artifact id: '41d851856df21833a7ecbd6d14ff7657') in 0.033236 seconds
Number of updated asset objects reloaded before import = 0
Number of asset objects unloaded after import = 11
========================================================================
Received Import Request.
  Time since last request: 0.000073 seconds.
  path: Assets/Forniture/radio.obj
  artifactKey: Guid(8a113e17a08551141bb7ba3c432d44c8) Importer(815301076,1909f56bfc062723c751e8b465ee728b)
Start importing Assets/Forniture/radio.obj using Guid(8a113e17a08551141bb7ba3c432d44c8) Importer(815301076,1909f56bfc062723c751e8b465ee728b)  -> (artifact id: 'e71f703ad8d9ed1179ff3c0fe7f1d4c0') in 0.039912 seconds
Number of updated asset objects reloaded before import = 0
Number of asset objects unloaded after import = 12
========================================================================
Received Import Request.
  Time since last request: 0.000023 seconds.
  path: Assets/Forniture/rugRounded.obj
  artifactKey: Guid(47e49b9ac9d583d4fa6e60796cde5f04) Importer(815301076,1909f56bfc062723c751e8b465ee728b)
Start importing Assets/Forniture/rugRounded.obj using Guid(47e49b9ac9d583d4fa6e60796cde5f04) Importer(815301076,1909f56bfc062723c751e8b465ee728b)  -> (artifact id: '9bc7b53df258c17a56bfcc7d8912739c') in 0.037812 seconds
Number of updated asset objects reloaded before import = 0
Number of asset objects unloaded after import = 11
========================================================================
Received Import Request.
  Time since last request: 0.000026 seconds.
  path: Assets/Forniture/loungeChair.obj
  artifactKey: Guid(7d53ded46742eb748adf2d6567f487f3) Importer(815301076,1909f56bfc062723c751e8b465ee728b)
Start importing Assets/Forniture/loungeChair.obj using Guid(7d53ded46742eb748adf2d6567f487f3) Importer(815301076,1909f56bfc062723c751e8b465ee728b)  -> (artifact id: '79cd0fac275d4b8aebd9147da7dda632') in 0.036188 seconds
Number of updated asset objects reloaded before import = 0
Number of asset objects unloaded after import = 11
========================================================================
Received Import Request.
  Time since last request: 0.000028 seconds.
  path: Assets/Forniture/loungeDesignSofaCorner.obj
  artifactKey: Guid(bb610dde917cf5042a73d552b09d364d) Importer(815301076,1909f56bfc062723c751e8b465ee728b)
Start importing Assets/Forniture/loungeDesignSofaCorner.obj using Guid(bb610dde917cf5042a73d552b09d364d) Importer(815301076,1909f56bfc062723c751e8b465ee728b)  -> (artifact id: 'bcfc7da800c3e14461691372433c1921') in 0.039826 seconds
Number of updated asset objects reloaded before import = 0
Number of asset objects unloaded after import = 16
