Using pre-set license
Built from '2022.3/release' branch; Version is '2022.3.20f1 (61c2feb0970d) revision 6406910'; Using compiler version '192829333'; Build Type 'Release'
OS: 'Windows 11  (10.0.22621) 64bit Professional' Language: 'pt' Physical Memory: 24260 MB
BatchMode: 1, IsHumanControllingUs: 0, StartBugReporterOnCrash: 0, Is64bit: 1, IsPro: 1

COMMAND LINE ARGUMENTS:
C:\Program Files\Unity\Hub\Editor\2022.3.20f1\Editor\Unity.exe
-adb2
-batchMode
-noUpm
-name
AssetImportWorker2
-projectPath
C:/Users/maria/Documents/Facul/Unity/My project
-logFile
Logs/AssetImportWorker2.log
-srvPort
58158
Successfully changed project path to: C:/Users/maria/Documents/Facul/Unity/My project
C:/Users/maria/Documents/Facul/Unity/My project
[UnityMemory] Configuration Parameters - Can be set up in boot.config
    "memorysetup-bucket-allocator-granularity=16"
    "memorysetup-bucket-allocator-bucket-count=8"
    "memorysetup-bucket-allocator-block-size=33554432"
    "memorysetup-bucket-allocator-block-count=8"
    "memorysetup-main-allocator-block-size=16777216"
    "memorysetup-thread-allocator-block-size=16777216"
    "memorysetup-gfx-main-allocator-block-size=16777216"
    "memorysetup-gfx-thread-allocator-block-size=16777216"
    "memorysetup-cache-allocator-block-size=4194304"
    "memorysetup-typetree-allocator-block-size=2097152"
    "memorysetup-profiler-bucket-allocator-granularity=16"
    "memorysetup-profiler-bucket-allocator-bucket-count=8"
    "memorysetup-profiler-bucket-allocator-block-size=33554432"
    "memorysetup-profiler-bucket-allocator-block-count=8"
    "memorysetup-profiler-allocator-block-size=16777216"
    "memorysetup-profiler-editor-allocator-block-size=1048576"
    "memorysetup-temp-allocator-size-main=16777216"
    "memorysetup-job-temp-allocator-block-size=2097152"
    "memorysetup-job-temp-allocator-block-size-background=1048576"
    "memorysetup-job-temp-allocator-reduction-small-platforms=262144"
    "memorysetup-allocator-temp-initial-block-size-main=262144"
    "memorysetup-allocator-temp-initial-block-size-worker=262144"
    "memorysetup-temp-allocator-size-background-worker=32768"
    "memorysetup-temp-allocator-size-job-worker=262144"
    "memorysetup-temp-allocator-size-preload-manager=33554432"
    "memorysetup-temp-allocator-size-nav-mesh-worker=65536"
    "memorysetup-temp-allocator-size-audio-worker=65536"
    "memorysetup-temp-allocator-size-cloud-worker=32768"
    "memorysetup-temp-allocator-size-gi-baking-worker=262144"
    "memorysetup-temp-allocator-size-gfx=262144"
Player connection [18520] Host "[IP] 26.195.100.129 [Port] 0 [Flags] 2 [Guid] 2210747066 [EditorId] 2210747066 [Version] 1048832 [Id] WindowsEditor(7,Ster) [Debug] 1 [PackageName] WindowsEditor [ProjectName] Editor" joined multi-casting on [225.0.0.222:54997]...

Player connection [18520] Host "[IP] 26.195.100.129 [Port] 0 [Flags] 2 [Guid] 2210747066 [EditorId] 2210747066 [Version] 1048832 [Id] WindowsEditor(7,Ster) [Debug] 1 [PackageName] WindowsEditor [ProjectName] Editor" joined alternative multi-casting on [225.0.0.222:34997]...

[Physics::Module] Initialized MultithreadedJobDispatcher with 15 workers.
Refreshing native plugins compatible for Editor in 12.44 ms, found 3 plugins.
Preloading 0 native plugins for Editor in 0.00 ms.
Initialize engine version: 2022.3.20f1 (61c2feb0970d)
[Subsystems] Discovering subsystems at path C:/Program Files/Unity/Hub/Editor/2022.3.20f1/Editor/Data/Resources/UnitySubsystems
[Subsystems] Discovering subsystems at path C:/Users/maria/Documents/Facul/Unity/My project/Assets
GfxDevice: creating device client; threaded=0; jobified=0
Direct3D:
    Version:  Direct3D 11.0 [level 11.1]
    Renderer: NVIDIA GeForce RTX 3050 Laptop GPU (ID=0x25e2)
    Vendor:   NVIDIA
    VRAM:     3977 MB
    Driver:   31.0.15.3623
Initialize mono
Mono path[0] = 'C:/Program Files/Unity/Hub/Editor/2022.3.20f1/Editor/Data/Managed'
Mono path[1] = 'C:/Program Files/Unity/Hub/Editor/2022.3.20f1/Editor/Data/MonoBleedingEdge/lib/mono/unityjit-win32'
Mono config path = 'C:/Program Files/Unity/Hub/Editor/2022.3.20f1/Editor/Data/MonoBleedingEdge/etc'
Using monoOptions --debugger-agent=transport=dt_socket,embedding=1,server=y,suspend=n,address=127.0.0.1:56672
Begin MonoManager ReloadAssembly
Registering precompiled unity dll's ...
Register platform support module: C:/Program Files/Unity/Hub/Editor/2022.3.20f1/Editor/Data/PlaybackEngines/WebGLSupport/UnityEditor.WebGL.Extensions.dll
Register platform support module: C:/Program Files/Unity/Hub/Editor/2022.3.20f1/Editor/Data/PlaybackEngines/WindowsStandaloneSupport/UnityEditor.WindowsStandalone.Extensions.dll
Registered in 0.007290 seconds.
- Loaded All Assemblies, in  0.597 seconds
Native extension for WindowsStandalone target not found
Native extension for WebGL target not found
Mono: successfully reloaded assembly
- Finished resetting the current domain, in  0.453 seconds
Domain Reload Profiling: 1047ms
	BeginReloadAssembly (197ms)
		ExecutionOrderSort (0ms)
		DisableScriptedObjects (0ms)
		BackupInstance (0ms)
		ReleaseScriptingObjects (0ms)
		CreateAndSetChildDomain (1ms)
	RebuildCommonClasses (46ms)
	RebuildNativeTypeToScriptingClass (18ms)
	initialDomainReloadingComplete (93ms)
	LoadAllAssembliesAndSetupDomain (240ms)
		LoadAssemblies (195ms)
		RebuildTransferFunctionScriptingTraits (0ms)
		AnalyzeDomain (236ms)
			TypeCache.Refresh (234ms)
				TypeCache.ScanAssembly (214ms)
			ScanForSourceGeneratedMonoScriptInfo (1ms)
			ResolveRequiredComponents (1ms)
	FinalizeReload (454ms)
		ReleaseScriptCaches (0ms)
		RebuildScriptCaches (0ms)
		SetupLoadedEditorAssemblies (347ms)
			LogAssemblyErrors (0ms)
			InitializePlatformSupportModulesInManaged (12ms)
			SetLoadedEditorAssemblies (11ms)
			RefreshPlugins (0ms)
			BeforeProcessingInitializeOnLoad (5ms)
			ProcessInitializeOnLoadAttributes (233ms)
			ProcessInitializeOnLoadMethodAttributes (87ms)
			AfterProcessingInitializeOnLoad (0ms)
			EditorAssembliesLoaded (0ms)
		ExecutionOrderSort2 (0ms)
		AwakeInstancesAfterBackupRestoration (0ms)
========================================================================
Worker process is ready to serve import requests
Begin MonoManager ReloadAssembly
- Loaded All Assemblies, in  0.858 seconds
Refreshing native plugins compatible for Editor in 3.68 ms, found 3 plugins.
Native extension for WindowsStandalone target not found
Native extension for WebGL target not found
Package Manager log level set to [2]
[Package Manager] Server::EnsureServerProcessIsRunning -- launch failed, reason: Unity was launched with the -noUpm command-line argument
[Package Manager] UpmClient::Send -- Unable to send message (not connected to UPM process).
[Package Manager] Cannot connect to Unity Package Manager local server
Mono: successfully reloaded assembly
- Finished resetting the current domain, in  0.989 seconds
Domain Reload Profiling: 1848ms
	BeginReloadAssembly (204ms)
		ExecutionOrderSort (0ms)
		DisableScriptedObjects (5ms)
		BackupInstance (0ms)
		ReleaseScriptingObjects (0ms)
		CreateAndSetChildDomain (32ms)
	RebuildCommonClasses (59ms)
	RebuildNativeTypeToScriptingClass (16ms)
	initialDomainReloadingComplete (59ms)
	LoadAllAssembliesAndSetupDomain (519ms)
		LoadAssemblies (370ms)
		RebuildTransferFunctionScriptingTraits (0ms)
		AnalyzeDomain (253ms)
			TypeCache.Refresh (234ms)
				TypeCache.ScanAssembly (217ms)
			ScanForSourceGeneratedMonoScriptInfo (14ms)
			ResolveRequiredComponents (3ms)
	FinalizeReload (991ms)
		ReleaseScriptCaches (0ms)
		RebuildScriptCaches (0ms)
		SetupLoadedEditorAssemblies (751ms)
			LogAssemblyErrors (0ms)
			InitializePlatformSupportModulesInManaged (8ms)
			SetLoadedEditorAssemblies (4ms)
			RefreshPlugins (0ms)
			BeforeProcessingInitializeOnLoad (73ms)
			ProcessInitializeOnLoadAttributes (611ms)
			ProcessInitializeOnLoadMethodAttributes (47ms)
			AfterProcessingInitializeOnLoad (9ms)
			EditorAssembliesLoaded (0ms)
		ExecutionOrderSort2 (0ms)
		AwakeInstancesAfterBackupRestoration (9ms)
Launched and connected shader compiler UnityShaderCompiler.exe after 0.04 seconds
Refreshing native plugins compatible for Editor in 2.81 ms, found 3 plugins.
Preloading 0 native plugins for Editor in 0.00 ms.
Unloading 3481 Unused Serialized files (Serialized files now loaded: 0)
Unloading 39 unused Assets / (58.1 KB). Loaded Objects now: 3945.
Memory consumption went from 132.5 MB to 132.5 MB.
Total: 4.772000 ms (FindLiveObjects: 0.254300 ms CreateObjectMapping: 0.225800 ms MarkObjects: 4.158700 ms  DeleteObjects: 0.131500 ms)

AssetImportParameters requested are different than current active one (requested -> active):
  custom:container-demuxer-ogg: 62fdf1f143b41e24485cea50d1cbac27 -> 
  custom:video-codec-MediaFoundation-h265: 746d11721c4dcdbdad8f713fa42b33f4 -> 
  custom:video-decoder-ogg-theora: a1e56fd34408186e4bbccfd4996cb3dc -> 
  custom:framework-win-MediaFoundation: 216162199b28c13a410421893ffa2e32 -> 
  custom:CustomObjectIndexerAttribute: 6d391050e5a25f67b0a2c618074f2cd9 -> 
  custom:container-demuxer-webm: 4f35f7cbe854078d1ac9338744f61a02 -> 
  custom:container-muxer-webm: aa71ff27fc2769a1b78a27578f13a17b -> 
  custom:video-decoder-webm-vp8: 9c59270c3fd7afecdb556c50c9e8de78 -> 
  custom:SearchIndexIgnoredProperties: e643bd26f0fe6173181afceb89e7c659 -> 
  custom:AudioImporter_EditorPlatform: d09bf68614088b80899f8185d706f6e7 -> 
  custom:video-encoder-webm-vp8: eb34c28f22e8b96e1ab97ce403110664 -> 
  custom:audio-decoder-ogg-vorbis: bf7c407c2cedff20999df2af8eb42d56 -> 
  custom:audio-encoder-webm-vorbis: bf7c407c2cedff20999df2af8eb42d56 -> 
========================================================================
Received Import Request.
  Time since last request: 17792.852924 seconds.
  path: Assets/Forniture/loungeSofaOttoman.obj
  artifactKey: Guid(64a5e0d7ab53292419c62037b0cd35a9) Importer(815301076,1909f56bfc062723c751e8b465ee728b)
Start importing Assets/Forniture/loungeSofaOttoman.obj using Guid(64a5e0d7ab53292419c62037b0cd35a9) Importer(815301076,1909f56bfc062723c751e8b465ee728b)  -> (artifact id: '1528691035712d7da97aebd2ea5291ad') in 0.247288 seconds
Number of updated asset objects reloaded before import = 0
Number of asset objects unloaded after import = 11
========================================================================
Received Import Request.
  Time since last request: 0.000034 seconds.
  path: Assets/Forniture/kitchenCabinetUpperDouble.obj
  artifactKey: Guid(eeb29e975c8bc3b4ba10a7ecb1332efd) Importer(815301076,1909f56bfc062723c751e8b465ee728b)
Start importing Assets/Forniture/kitchenCabinetUpperDouble.obj using Guid(eeb29e975c8bc3b4ba10a7ecb1332efd) Importer(815301076,1909f56bfc062723c751e8b465ee728b)  -> (artifact id: 'e29eff311b1bc372d55860e70a796998') in 0.057050 seconds
Number of updated asset objects reloaded before import = 0
Number of asset objects unloaded after import = 22
========================================================================
Received Import Request.
  Time since last request: 0.000090 seconds.
  path: Assets/Forniture/pottedPlant.obj
  artifactKey: Guid(4375b5cb6ea781c418d558496acabf29) Importer(815301076,1909f56bfc062723c751e8b465ee728b)
Start importing Assets/Forniture/pottedPlant.obj using Guid(4375b5cb6ea781c418d558496acabf29) Importer(815301076,1909f56bfc062723c751e8b465ee728b)  -> (artifact id: '84d3d0d9dab8aa86ae6b8d050d90b015') in 0.043608 seconds
Number of updated asset objects reloaded before import = 0
Number of asset objects unloaded after import = 17
========================================================================
Received Import Request.
  Time since last request: 0.000189 seconds.
  path: Assets/Forniture/tableCoffeeSquare.obj
  artifactKey: Guid(78a186c1b6eb9c44b88cc541682643a2) Importer(815301076,1909f56bfc062723c751e8b465ee728b)
Start importing Assets/Forniture/tableCoffeeSquare.obj using Guid(78a186c1b6eb9c44b88cc541682643a2) Importer(815301076,1909f56bfc062723c751e8b465ee728b)  -> (artifact id: 'cc33c143d8ad94ce75ea3bbc35ef1fe6') in 0.026905 seconds
Number of updated asset objects reloaded before import = 0
Number of asset objects unloaded after import = 10
========================================================================
Received Import Request.
  Time since last request: 0.000140 seconds.
  path: Assets/Forniture/sideTableDrawers.obj
  artifactKey: Guid(32b14ba6092ea2c47ad32304a7e864ca) Importer(815301076,1909f56bfc062723c751e8b465ee728b)
Start importing Assets/Forniture/sideTableDrawers.obj using Guid(32b14ba6092ea2c47ad32304a7e864ca) Importer(815301076,1909f56bfc062723c751e8b465ee728b)  -> (artifact id: 'd1f0df884bbbc553a313a30455d95417') in 0.056685 seconds
Number of updated asset objects reloaded before import = 0
Number of asset objects unloaded after import = 22
========================================================================
Received Import Request.
  Time since last request: 0.000015 seconds.
  path: Assets/Forniture/rugRound.obj
  artifactKey: Guid(21bc314ccd1f40d4f97355a1b40f45e5) Importer(815301076,1909f56bfc062723c751e8b465ee728b)
Start importing Assets/Forniture/rugRound.obj using Guid(21bc314ccd1f40d4f97355a1b40f45e5) Importer(815301076,1909f56bfc062723c751e8b465ee728b)  -> (artifact id: '9d68ad20a0ae6b9d6fcc0860a07f78c5') in 0.029559 seconds
Number of updated asset objects reloaded before import = 0
Number of asset objects unloaded after import = 11
========================================================================
Received Import Request.
  Time since last request: 0.000017 seconds.
  path: Assets/Forniture/desk.obj
  artifactKey: Guid(5d4def5857fb5a14f85738a012338f77) Importer(815301076,1909f56bfc062723c751e8b465ee728b)
Start importing Assets/Forniture/desk.obj using Guid(5d4def5857fb5a14f85738a012338f77) Importer(815301076,1909f56bfc062723c751e8b465ee728b)  -> (artifact id: '5cca8123a63c56a5439bb740d753fc3a') in 0.035397 seconds
Number of updated asset objects reloaded before import = 0
Number of asset objects unloaded after import = 16
========================================================================
Received Import Request.
  Time since last request: 0.000138 seconds.
  path: Assets/Forniture/rugRectangle.obj
  artifactKey: Guid(3046e60add5aa6a46ae21e89d616e39a) Importer(815301076,1909f56bfc062723c751e8b465ee728b)
Start importing Assets/Forniture/rugRectangle.obj using Guid(3046e60add5aa6a46ae21e89d616e39a) Importer(815301076,1909f56bfc062723c751e8b465ee728b)  -> (artifact id: '6c98c15bc351a2aa1e5a9c9e63634b1d') in 0.030194 seconds
Number of updated asset objects reloaded before import = 0
Number of asset objects unloaded after import = 11
========================================================================
Received Import Request.
  Time since last request: 0.000021 seconds.
  path: Assets/Forniture/plantSmall3.obj
  artifactKey: Guid(d467198cf28583a4bb2bd8a355ac7a36) Importer(815301076,1909f56bfc062723c751e8b465ee728b)
Start importing Assets/Forniture/plantSmall3.obj using Guid(d467198cf28583a4bb2bd8a355ac7a36) Importer(815301076,1909f56bfc062723c751e8b465ee728b)  -> (artifact id: '3f7a8d4afd5a1554d3de5710eacadb74') in 0.037295 seconds
Number of updated asset objects reloaded before import = 0
Number of asset objects unloaded after import = 11
========================================================================
Received Import Request.
  Time since last request: 0.000077 seconds.
  path: Assets/Forniture/toilet.obj
  artifactKey: Guid(44643d4b0394a9444ac526b25c4a2ce2) Importer(815301076,1909f56bfc062723c751e8b465ee728b)
Start importing Assets/Forniture/toilet.obj using Guid(44643d4b0394a9444ac526b25c4a2ce2) Importer(815301076,1909f56bfc062723c751e8b465ee728b)  -> (artifact id: 'db03d180c5fb6764679e1340bdfd2df9') in 0.045507 seconds
Number of updated asset objects reloaded before import = 0
Number of asset objects unloaded after import = 18
========================================================================
Received Import Request.
  Time since last request: 0.000162 seconds.
  path: Assets/Forniture/loungeSofaCorner.obj
  artifactKey: Guid(54eb7d0a68eced640bae105a2f170789) Importer(815301076,1909f56bfc062723c751e8b465ee728b)
Start importing Assets/Forniture/loungeSofaCorner.obj using Guid(54eb7d0a68eced640bae105a2f170789) Importer(815301076,1909f56bfc062723c751e8b465ee728b)  -> (artifact id: '50255bcb0f45fc2cd34f93d26e53b36e') in 0.033586 seconds
Number of updated asset objects reloaded before import = 0
Number of asset objects unloaded after import = 11
========================================================================
Received Import Request.
  Time since last request: 0.000109 seconds.
  path: Assets/Forniture/shower.obj
  artifactKey: Guid(9e20052f34e56b34f9f692ca42308623) Importer(815301076,1909f56bfc062723c751e8b465ee728b)
Start importing Assets/Forniture/shower.obj using Guid(9e20052f34e56b34f9f692ca42308623) Importer(815301076,1909f56bfc062723c751e8b465ee728b)  -> (artifact id: 'cc62a57e3d3ab86c2891d030c21faf2c') in 0.057745 seconds
Number of updated asset objects reloaded before import = 0
Number of asset objects unloaded after import = 23
========================================================================
Received Import Request.
  Time since last request: 0.000019 seconds.
  path: Assets/Forniture/tableCloth.obj
  artifactKey: Guid(eae75465a53b3a1408704ae747e1712c) Importer(815301076,1909f56bfc062723c751e8b465ee728b)
Start importing Assets/Forniture/tableCloth.obj using Guid(eae75465a53b3a1408704ae747e1712c) Importer(815301076,1909f56bfc062723c751e8b465ee728b)  -> (artifact id: 'fd8731097b399e966d6882e9a0727322') in 0.034456 seconds
Number of updated asset objects reloaded before import = 0
Number of asset objects unloaded after import = 11
========================================================================
Received Import Request.
  Time since last request: 0.000027 seconds.
  path: Assets/Forniture/table.obj
  artifactKey: Guid(17dd2f24c062e7047b37792b66186782) Importer(815301076,1909f56bfc062723c751e8b465ee728b)
Start importing Assets/Forniture/table.obj using Guid(17dd2f24c062e7047b37792b66186782) Importer(815301076,1909f56bfc062723c751e8b465ee728b)  -> (artifact id: '2af6a55723a14d2dc6cffca08d5dfe4b') in 0.029521 seconds
Number of updated asset objects reloaded before import = 0
Number of asset objects unloaded after import = 10
========================================================================
Received Import Request.
  Time since last request: 0.000056 seconds.
  path: Assets/Forniture/loungeSofa.obj
  artifactKey: Guid(f4dccac0e74f1b641bcd40e33f2b3166) Importer(815301076,1909f56bfc062723c751e8b465ee728b)
Start importing Assets/Forniture/loungeSofa.obj using Guid(f4dccac0e74f1b641bcd40e33f2b3166) Importer(815301076,1909f56bfc062723c751e8b465ee728b)  -> (artifact id: 'f05df7ebfe09b22444f4bbfdb9d2ad01') in 0.036959 seconds
Number of updated asset objects reloaded before import = 0
Number of asset objects unloaded after import = 11
========================================================================
Received Import Request.
  Time since last request: 0.000023 seconds.
  path: Assets/Forniture/kitchenCabinetUpper.obj
  artifactKey: Guid(d92abff6cc12f2b4093584a55b49fe04) Importer(815301076,1909f56bfc062723c751e8b465ee728b)
Start importing Assets/Forniture/kitchenCabinetUpper.obj using Guid(d92abff6cc12f2b4093584a55b49fe04) Importer(815301076,1909f56bfc062723c751e8b465ee728b)  -> (artifact id: '5a4785e00a3df5dc7b6917b58ea30785') in 0.049943 seconds
Number of updated asset objects reloaded before import = 0
Number of asset objects unloaded after import = 17
========================================================================
Received Import Request.
  Time since last request: 0.000020 seconds.
  path: Assets/Forniture/kitchenCabinetUpperLow.obj
  artifactKey: Guid(7868da19b3cb35241975e863808a2f61) Importer(815301076,1909f56bfc062723c751e8b465ee728b)
Start importing Assets/Forniture/kitchenCabinetUpperLow.obj using Guid(7868da19b3cb35241975e863808a2f61) Importer(815301076,1909f56bfc062723c751e8b465ee728b)  -> (artifact id: '6a0e6e37d97e627dd30c4efa469776b0') in 0.046528 seconds
Number of updated asset objects reloaded before import = 0
Number of asset objects unloaded after import = 17
