Using pre-set license
Built from '2022.3/release' branch; Version is '2022.3.20f1 (61c2feb0970d) revision 6406910'; Using compiler version '192829333'; Build Type 'Release'
OS: 'Windows 11  (10.0.22621) 64bit Professional' Language: 'pt' Physical Memory: 24260 MB
BatchMode: 1, IsHumanControllingUs: 0, StartBugReporterOnCrash: 0, Is64bit: 1, IsPro: 1

COMMAND LINE ARGUMENTS:
C:\Program Files\Unity\Hub\Editor\2022.3.20f1\Editor\Unity.exe
-adb2
-batchMode
-noUpm
-name
AssetImportWorker3
-projectPath
C:/Users/maria/Documents/Facul/Unity/My project
-logFile
Logs/AssetImportWorker3.log
-srvPort
58158
Successfully changed project path to: C:/Users/maria/Documents/Facul/Unity/My project
C:/Users/maria/Documents/Facul/Unity/My project
[UnityMemory] Configuration Parameters - Can be set up in boot.config
    "memorysetup-bucket-allocator-granularity=16"
    "memorysetup-bucket-allocator-bucket-count=8"
    "memorysetup-bucket-allocator-block-size=33554432"
    "memorysetup-bucket-allocator-block-count=8"
    "memorysetup-main-allocator-block-size=16777216"
    "memorysetup-thread-allocator-block-size=16777216"
    "memorysetup-gfx-main-allocator-block-size=16777216"
    "memorysetup-gfx-thread-allocator-block-size=16777216"
    "memorysetup-cache-allocator-block-size=4194304"
    "memorysetup-typetree-allocator-block-size=2097152"
    "memorysetup-profiler-bucket-allocator-granularity=16"
    "memorysetup-profiler-bucket-allocator-bucket-count=8"
    "memorysetup-profiler-bucket-allocator-block-size=33554432"
    "memorysetup-profiler-bucket-allocator-block-count=8"
    "memorysetup-profiler-allocator-block-size=16777216"
    "memorysetup-profiler-editor-allocator-block-size=1048576"
    "memorysetup-temp-allocator-size-main=16777216"
    "memorysetup-job-temp-allocator-block-size=2097152"
    "memorysetup-job-temp-allocator-block-size-background=1048576"
    "memorysetup-job-temp-allocator-reduction-small-platforms=262144"
    "memorysetup-allocator-temp-initial-block-size-main=262144"
    "memorysetup-allocator-temp-initial-block-size-worker=262144"
    "memorysetup-temp-allocator-size-background-worker=32768"
    "memorysetup-temp-allocator-size-job-worker=262144"
    "memorysetup-temp-allocator-size-preload-manager=33554432"
    "memorysetup-temp-allocator-size-nav-mesh-worker=65536"
    "memorysetup-temp-allocator-size-audio-worker=65536"
    "memorysetup-temp-allocator-size-cloud-worker=32768"
    "memorysetup-temp-allocator-size-gi-baking-worker=262144"
    "memorysetup-temp-allocator-size-gfx=262144"
Player connection [15796] Host "[IP] 26.195.100.129 [Port] 0 [Flags] 2 [Guid] 2959864724 [EditorId] 2959864724 [Version] 1048832 [Id] WindowsEditor(7,Ster) [Debug] 1 [PackageName] WindowsEditor [ProjectName] Editor" joined multi-casting on [225.0.0.222:54997]...

Player connection [15796] Host "[IP] 26.195.100.129 [Port] 0 [Flags] 2 [Guid] 2959864724 [EditorId] 2959864724 [Version] 1048832 [Id] WindowsEditor(7,Ster) [Debug] 1 [PackageName] WindowsEditor [ProjectName] Editor" joined alternative multi-casting on [225.0.0.222:34997]...

[Physics::Module] Initialized MultithreadedJobDispatcher with 15 workers.
Refreshing native plugins compatible for Editor in 8.57 ms, found 3 plugins.
Preloading 0 native plugins for Editor in 0.00 ms.
Initialize engine version: 2022.3.20f1 (61c2feb0970d)
[Subsystems] Discovering subsystems at path C:/Program Files/Unity/Hub/Editor/2022.3.20f1/Editor/Data/Resources/UnitySubsystems
[Subsystems] Discovering subsystems at path C:/Users/maria/Documents/Facul/Unity/My project/Assets
GfxDevice: creating device client; threaded=0; jobified=0
Direct3D:
    Version:  Direct3D 11.0 [level 11.1]
    Renderer: NVIDIA GeForce RTX 3050 Laptop GPU (ID=0x25e2)
    Vendor:   NVIDIA
    VRAM:     3977 MB
    Driver:   31.0.15.3623
Initialize mono
Mono path[0] = 'C:/Program Files/Unity/Hub/Editor/2022.3.20f1/Editor/Data/Managed'
Mono path[1] = 'C:/Program Files/Unity/Hub/Editor/2022.3.20f1/Editor/Data/MonoBleedingEdge/lib/mono/unityjit-win32'
Mono config path = 'C:/Program Files/Unity/Hub/Editor/2022.3.20f1/Editor/Data/MonoBleedingEdge/etc'
Using monoOptions --debugger-agent=transport=dt_socket,embedding=1,server=y,suspend=n,address=127.0.0.1:56076
Begin MonoManager ReloadAssembly
Registering precompiled unity dll's ...
Register platform support module: C:/Program Files/Unity/Hub/Editor/2022.3.20f1/Editor/Data/PlaybackEngines/WebGLSupport/UnityEditor.WebGL.Extensions.dll
Register platform support module: C:/Program Files/Unity/Hub/Editor/2022.3.20f1/Editor/Data/PlaybackEngines/WindowsStandaloneSupport/UnityEditor.WindowsStandalone.Extensions.dll
Registered in 0.009927 seconds.
- Loaded All Assemblies, in  0.589 seconds
Native extension for WindowsStandalone target not found
Native extension for WebGL target not found
Mono: successfully reloaded assembly
- Finished resetting the current domain, in  0.480 seconds
Domain Reload Profiling: 1066ms
	BeginReloadAssembly (181ms)
		ExecutionOrderSort (0ms)
		DisableScriptedObjects (0ms)
		BackupInstance (0ms)
		ReleaseScriptingObjects (0ms)
		CreateAndSetChildDomain (1ms)
	RebuildCommonClasses (63ms)
	RebuildNativeTypeToScriptingClass (13ms)
	initialDomainReloadingComplete (85ms)
	LoadAllAssembliesAndSetupDomain (243ms)
		LoadAssemblies (179ms)
		RebuildTransferFunctionScriptingTraits (0ms)
		AnalyzeDomain (239ms)
			TypeCache.Refresh (238ms)
				TypeCache.ScanAssembly (221ms)
			ScanForSourceGeneratedMonoScriptInfo (0ms)
			ResolveRequiredComponents (0ms)
	FinalizeReload (481ms)
		ReleaseScriptCaches (0ms)
		RebuildScriptCaches (0ms)
		SetupLoadedEditorAssemblies (367ms)
			LogAssemblyErrors (0ms)
			InitializePlatformSupportModulesInManaged (12ms)
			SetLoadedEditorAssemblies (6ms)
			RefreshPlugins (0ms)
			BeforeProcessingInitializeOnLoad (3ms)
			ProcessInitializeOnLoadAttributes (257ms)
			ProcessInitializeOnLoadMethodAttributes (89ms)
			AfterProcessingInitializeOnLoad (0ms)
			EditorAssembliesLoaded (0ms)
		ExecutionOrderSort2 (0ms)
		AwakeInstancesAfterBackupRestoration (0ms)
========================================================================
Worker process is ready to serve import requests
Begin MonoManager ReloadAssembly
- Loaded All Assemblies, in  0.850 seconds
Refreshing native plugins compatible for Editor in 4.21 ms, found 3 plugins.
Native extension for WindowsStandalone target not found
Native extension for WebGL target not found
Package Manager log level set to [2]
[Package Manager] Server::EnsureServerProcessIsRunning -- launch failed, reason: Unity was launched with the -noUpm command-line argument
[Package Manager] UpmClient::Send -- Unable to send message (not connected to UPM process).
[Package Manager] Cannot connect to Unity Package Manager local server
Mono: successfully reloaded assembly
- Finished resetting the current domain, in  1.048 seconds
Domain Reload Profiling: 1896ms
	BeginReloadAssembly (188ms)
		ExecutionOrderSort (0ms)
		DisableScriptedObjects (7ms)
		BackupInstance (0ms)
		ReleaseScriptingObjects (0ms)
		CreateAndSetChildDomain (22ms)
	RebuildCommonClasses (47ms)
	RebuildNativeTypeToScriptingClass (24ms)
	initialDomainReloadingComplete (58ms)
	LoadAllAssembliesAndSetupDomain (531ms)
		LoadAssemblies (387ms)
		RebuildTransferFunctionScriptingTraits (0ms)
		AnalyzeDomain (242ms)
			TypeCache.Refresh (214ms)
				TypeCache.ScanAssembly (199ms)
			ScanForSourceGeneratedMonoScriptInfo (21ms)
			ResolveRequiredComponents (5ms)
	FinalizeReload (1048ms)
		ReleaseScriptCaches (0ms)
		RebuildScriptCaches (0ms)
		SetupLoadedEditorAssemblies (827ms)
			LogAssemblyErrors (0ms)
			InitializePlatformSupportModulesInManaged (9ms)
			SetLoadedEditorAssemblies (5ms)
			RefreshPlugins (0ms)
			BeforeProcessingInitializeOnLoad (86ms)
			ProcessInitializeOnLoadAttributes (669ms)
			ProcessInitializeOnLoadMethodAttributes (50ms)
			AfterProcessingInitializeOnLoad (8ms)
			EditorAssembliesLoaded (0ms)
		ExecutionOrderSort2 (0ms)
		AwakeInstancesAfterBackupRestoration (8ms)
Launched and connected shader compiler UnityShaderCompiler.exe after 0.06 seconds
Refreshing native plugins compatible for Editor in 3.91 ms, found 3 plugins.
Preloading 0 native plugins for Editor in 0.00 ms.
Unloading 3481 Unused Serialized files (Serialized files now loaded: 0)
Unloading 39 unused Assets / (57.6 KB). Loaded Objects now: 3945.
Memory consumption went from 132.7 MB to 132.7 MB.
Total: 4.041800 ms (FindLiveObjects: 0.286600 ms CreateObjectMapping: 0.196700 ms MarkObjects: 3.411600 ms  DeleteObjects: 0.145300 ms)

AssetImportParameters requested are different than current active one (requested -> active):
  custom:container-demuxer-ogg: 62fdf1f143b41e24485cea50d1cbac27 -> 
  custom:video-codec-MediaFoundation-h265: 746d11721c4dcdbdad8f713fa42b33f4 -> 
  custom:video-decoder-ogg-theora: a1e56fd34408186e4bbccfd4996cb3dc -> 
  custom:framework-win-MediaFoundation: 216162199b28c13a410421893ffa2e32 -> 
  custom:CustomObjectIndexerAttribute: 6d391050e5a25f67b0a2c618074f2cd9 -> 
  custom:container-demuxer-webm: 4f35f7cbe854078d1ac9338744f61a02 -> 
  custom:container-muxer-webm: aa71ff27fc2769a1b78a27578f13a17b -> 
  custom:video-decoder-webm-vp8: 9c59270c3fd7afecdb556c50c9e8de78 -> 
  custom:SearchIndexIgnoredProperties: e643bd26f0fe6173181afceb89e7c659 -> 
  custom:AudioImporter_EditorPlatform: d09bf68614088b80899f8185d706f6e7 -> 
  custom:video-encoder-webm-vp8: eb34c28f22e8b96e1ab97ce403110664 -> 
  custom:audio-decoder-ogg-vorbis: bf7c407c2cedff20999df2af8eb42d56 -> 
  custom:audio-encoder-webm-vorbis: bf7c407c2cedff20999df2af8eb42d56 -> 
========================================================================
Received Import Request.
  Time since last request: 17792.965787 seconds.
  path: Assets/Forniture/kitchenCabinetDrawer.obj
  artifactKey: Guid(eb8d3e32271ee894e92d8e1675beefa5) Importer(815301076,1909f56bfc062723c751e8b465ee728b)
Start importing Assets/Forniture/kitchenCabinetDrawer.obj using Guid(eb8d3e32271ee894e92d8e1675beefa5) Importer(815301076,1909f56bfc062723c751e8b465ee728b)  -> (artifact id: '8e893e78b8f3fc8c939bf832e105b89b') in 0.213874 seconds
Number of updated asset objects reloaded before import = 0
Number of asset objects unloaded after import = 22
========================================================================
Received Import Request.
  Time since last request: 0.000027 seconds.
  path: Assets/Forniture/kitchenFridgeLarge.obj
  artifactKey: Guid(88224e273a2a07046ae2244b165a264d) Importer(815301076,1909f56bfc062723c751e8b465ee728b)
Start importing Assets/Forniture/kitchenFridgeLarge.obj using Guid(88224e273a2a07046ae2244b165a264d) Importer(815301076,1909f56bfc062723c751e8b465ee728b)  -> (artifact id: '35dcfa4ba7d880bfc76b2b8c0efd7542') in 0.048153 seconds
Number of updated asset objects reloaded before import = 0
Number of asset objects unloaded after import = 21
========================================================================
Received Import Request.
  Time since last request: 0.000051 seconds.
  path: Assets/Forniture/computerKeyboard.obj
  artifactKey: Guid(fe4540c7b5fe7ed40b17a8699eb69190) Importer(815301076,1909f56bfc062723c751e8b465ee728b)
Start importing Assets/Forniture/computerKeyboard.obj using Guid(fe4540c7b5fe7ed40b17a8699eb69190) Importer(815301076,1909f56bfc062723c751e8b465ee728b)  -> (artifact id: 'a3c3eceaddb0869fcae1dc65b886ccc2') in 0.034827 seconds
Number of updated asset objects reloaded before import = 0
Number of asset objects unloaded after import = 11
========================================================================
Received Import Request.
  Time since last request: 0.000148 seconds.
  path: Assets/Forniture/tableCoffeeGlass.obj
  artifactKey: Guid(228c2ef9200608943a74fcd775d30f5c) Importer(815301076,1909f56bfc062723c751e8b465ee728b)
Start importing Assets/Forniture/tableCoffeeGlass.obj using Guid(228c2ef9200608943a74fcd775d30f5c) Importer(815301076,1909f56bfc062723c751e8b465ee728b)  -> (artifact id: '67b9fa4ea0ec391e0ba37288cfc8e76f') in 0.032440 seconds
Number of updated asset objects reloaded before import = 0
Number of asset objects unloaded after import = 11
========================================================================
Received Import Request.
  Time since last request: 0.000075 seconds.
  path: Assets/Forniture/cardboardBoxOpen.obj
  artifactKey: Guid(56f3dd5c3223dbf4b9bdfad6d6954de3) Importer(815301076,1909f56bfc062723c751e8b465ee728b)
Start importing Assets/Forniture/cardboardBoxOpen.obj using Guid(56f3dd5c3223dbf4b9bdfad6d6954de3) Importer(815301076,1909f56bfc062723c751e8b465ee728b)  -> (artifact id: '615807f7169afc3cbd7ba33998bd6239') in 0.029429 seconds
Number of updated asset objects reloaded before import = 0
Number of asset objects unloaded after import = 11
========================================================================
Received Import Request.
  Time since last request: 0.000063 seconds.
  path: Assets/Forniture/trashcan.obj
  artifactKey: Guid(c2594b6189dc8bf498e911ea0b7d00b8) Importer(815301076,1909f56bfc062723c751e8b465ee728b)
Start importing Assets/Forniture/trashcan.obj using Guid(c2594b6189dc8bf498e911ea0b7d00b8) Importer(815301076,1909f56bfc062723c751e8b465ee728b)  -> (artifact id: 'bd79b403f79060689e690252c6690266') in 0.027307 seconds
Number of updated asset objects reloaded before import = 0
Number of asset objects unloaded after import = 11
========================================================================
Received Import Request.
  Time since last request: 0.000041 seconds.
  path: Assets/Forniture/sideTable.obj
  artifactKey: Guid(97c81408d258cc347a6d1ffa6605e158) Importer(815301076,1909f56bfc062723c751e8b465ee728b)
Start importing Assets/Forniture/sideTable.obj using Guid(97c81408d258cc347a6d1ffa6605e158) Importer(815301076,1909f56bfc062723c751e8b465ee728b)  -> (artifact id: '93aa9c678fc01d7a9a672b4bd0c82ea3') in 0.032371 seconds
Number of updated asset objects reloaded before import = 0
Number of asset objects unloaded after import = 11
========================================================================
Received Import Request.
  Time since last request: 0.000022 seconds.
  path: Assets/Forniture/dryer.obj
  artifactKey: Guid(042e50a89ce9c8f4fa4d965587cac1d0) Importer(815301076,1909f56bfc062723c751e8b465ee728b)
Start importing Assets/Forniture/dryer.obj using Guid(042e50a89ce9c8f4fa4d965587cac1d0) Importer(815301076,1909f56bfc062723c751e8b465ee728b)  -> (artifact id: '236ba8015dea630846ac3224ae0ee2b3') in 0.046423 seconds
Number of updated asset objects reloaded before import = 0
Number of asset objects unloaded after import = 17
========================================================================
Received Import Request.
  Time since last request: 0.000023 seconds.
  path: Assets/Forniture/pillowBlue.obj
  artifactKey: Guid(5bd4291b89a18f345aa4107d3c537702) Importer(815301076,1909f56bfc062723c751e8b465ee728b)
Start importing Assets/Forniture/pillowBlue.obj using Guid(5bd4291b89a18f345aa4107d3c537702) Importer(815301076,1909f56bfc062723c751e8b465ee728b)  -> (artifact id: '213795567072bc1974e3e0917c3e0119') in 0.026500 seconds
Number of updated asset objects reloaded before import = 0
Number of asset objects unloaded after import = 10
========================================================================
Received Import Request.
  Time since last request: 0.000050 seconds.
  path: Assets/Forniture/laptop.obj
  artifactKey: Guid(332c2c6063053fb48955baea296d3701) Importer(815301076,1909f56bfc062723c751e8b465ee728b)
Start importing Assets/Forniture/laptop.obj using Guid(332c2c6063053fb48955baea296d3701) Importer(815301076,1909f56bfc062723c751e8b465ee728b)  -> (artifact id: '3fe408243423f1d5385e30e7234ebab7') in 0.037701 seconds
Number of updated asset objects reloaded before import = 0
Number of asset objects unloaded after import = 12
========================================================================
Received Import Request.
  Time since last request: 0.000018 seconds.
  path: Assets/Forniture/speakerSmall.obj
  artifactKey: Guid(456649b0c8ba5414b9ac78540650b6b1) Importer(815301076,1909f56bfc062723c751e8b465ee728b)
Start importing Assets/Forniture/speakerSmall.obj using Guid(456649b0c8ba5414b9ac78540650b6b1) Importer(815301076,1909f56bfc062723c751e8b465ee728b)  -> (artifact id: '00d8a03314c4b958ada7278c20bbae90') in 0.035347 seconds
Number of updated asset objects reloaded before import = 0
Number of asset objects unloaded after import = 11
========================================================================
Received Import Request.
  Time since last request: 0.000195 seconds.
  path: Assets/Forniture/loungeDesignChair.obj
  artifactKey: Guid(10bb218e92a5d6740979e4078f1ca386) Importer(815301076,1909f56bfc062723c751e8b465ee728b)
Start importing Assets/Forniture/loungeDesignChair.obj using Guid(10bb218e92a5d6740979e4078f1ca386) Importer(815301076,1909f56bfc062723c751e8b465ee728b)  -> (artifact id: 'cebf30ba04f6c9e5863cc08ab2b73a5c') in 0.031735 seconds
Number of updated asset objects reloaded before import = 0
Number of asset objects unloaded after import = 11
========================================================================
Received Import Request.
  Time since last request: 0.000065 seconds.
  path: Assets/Forniture/rugSquare.obj
  artifactKey: Guid(7d5e54f0de53e4f479e2d03d4aee258e) Importer(815301076,1909f56bfc062723c751e8b465ee728b)
Start importing Assets/Forniture/rugSquare.obj using Guid(7d5e54f0de53e4f479e2d03d4aee258e) Importer(815301076,1909f56bfc062723c751e8b465ee728b)  -> (artifact id: '284f4a916e3301b13cacf5e48a6b610c') in 0.033825 seconds
Number of updated asset objects reloaded before import = 0
Number of asset objects unloaded after import = 11
========================================================================
Received Import Request.
  Time since last request: 0.000155 seconds.
  path: Assets/Forniture/pillowLong.obj
  artifactKey: Guid(d969fa0bc6b55df469933f82019efcb4) Importer(815301076,1909f56bfc062723c751e8b465ee728b)
Start importing Assets/Forniture/pillowLong.obj using Guid(d969fa0bc6b55df469933f82019efcb4) Importer(815301076,1909f56bfc062723c751e8b465ee728b)  -> (artifact id: '1cb6c7eea31474bd2f103925eadba150') in 0.028719 seconds
Number of updated asset objects reloaded before import = 0
Number of asset objects unloaded after import = 10
========================================================================
Received Import Request.
  Time since last request: 0.000037 seconds.
  path: Assets/Forniture/cabinetTelevision.obj
  artifactKey: Guid(430c2e1377569b347b902d6a48065ae8) Importer(815301076,1909f56bfc062723c751e8b465ee728b)
Start importing Assets/Forniture/cabinetTelevision.obj using Guid(430c2e1377569b347b902d6a48065ae8) Importer(815301076,1909f56bfc062723c751e8b465ee728b)  -> (artifact id: 'ed2bba57cf2c615cdedd8dd61ba30209') in 0.030928 seconds
Number of updated asset objects reloaded before import = 0
Number of asset objects unloaded after import = 10
========================================================================
Received Import Request.
  Time since last request: 0.000033 seconds.
  path: Assets/Forniture/lampSquareCeiling.obj
  artifactKey: Guid(cefb1cdfadddba64586b6e714962fe19) Importer(815301076,1909f56bfc062723c751e8b465ee728b)
Start importing Assets/Forniture/lampSquareCeiling.obj using Guid(cefb1cdfadddba64586b6e714962fe19) Importer(815301076,1909f56bfc062723c751e8b465ee728b)  -> (artifact id: 'd75d9d087a2a7f9417d27715ab97e750') in 0.038007 seconds
Number of updated asset objects reloaded before import = 0
Number of asset objects unloaded after import = 11
========================================================================
Received Import Request.
  Time since last request: 0.000117 seconds.
  path: Assets/Forniture/loungeChairRelax.obj
  artifactKey: Guid(bc9d1c4424d5c884db246c92f42f7aa5) Importer(815301076,1909f56bfc062723c751e8b465ee728b)
Start importing Assets/Forniture/loungeChairRelax.obj using Guid(bc9d1c4424d5c884db246c92f42f7aa5) Importer(815301076,1909f56bfc062723c751e8b465ee728b)  -> (artifact id: 'db869c83fbc1a061eb87bc8e719cbd39') in 0.038830 seconds
Number of updated asset objects reloaded before import = 0
Number of asset objects unloaded after import = 12
